INFO: [VRFC 10-2263] Analyzing Verilog file "C:/Users/22395/project_1/project_1.srcs/sources_1/new/CADATop.v" into library xil_defaultlib
INFO: [VRFC 10-311] analyzing module CGRATop
INFO: [VRFC 10-311] analyzing module MEMDock
INFO: [VRFC 10-311] analyzing module ArrayTop
INFO: [VRFC 10-311] analyzing module VSTop
INFO: [VRFC 10-311] analyzing module DSE_Solution_L0
INFO: [VRFC 10-311] analyzing module DSE_Solution_L1
INFO: [VRFC 10-311] analyzing module DSE_Solution_L2
INFO: [VRFC 10-311] analyzing module DSE_Solution_L3
INFO: [VRFC 10-311] analyzing module DSE_Solution_L4
INFO: [VRFC 10-311] analyzing module DSE_Solution_L5
INFO: [VRFC 10-2263] Analyzing Verilog file "C:/Users/22395/project_1/project_1.srcs/sources_1/new/EntityLib.v" into library xil_defaultlib
INFO: [VRFC 10-311] analyzing module CADA_ADD
INFO: [VRFC 10-311] analyzing module CADA_Mult
INFO: [VRFC 10-311] analyzing module HA_ADD
INFO: [VRFC 10-311] analyzing module HA_Mult
INFO: [VRFC 10-311] analyzing module HA_Reg
INFO: [VRFC 10-311] analyzing module CADA_Reg
INFO: [VRFC 10-311] analyzing module HA_CSTR
INFO: [VRFC 10-311] analyzing module HA_CONST
INFO: [VRFC 10-311] analyzing module HA_CReg
INFO: [VRFC 10-311] analyzing module CADA_IN
INFO: [VRFC 10-311] analyzing module CADA_GIN
INFO: [VRFC 10-311] analyzing module HA_IN
INFO: [VRFC 10-311] analyzing module HA_OUT
INFO: [VRFC 10-311] analyzing module HA_5BM
INFO: [VRFC 10-311] analyzing module HA_32IM
INFO: [VRFC 10-311] analyzing module HA_28IM
INFO: [VRFC 10-311] analyzing module HA_27IM
INFO: [VRFC 10-311] analyzing module HA_26IM
INFO: [VRFC 10-311] analyzing module HA_25IM
INFO: [VRFC 10-311] analyzing module HA_24IM
INFO: [VRFC 10-311] analyzing module HA_23IM
INFO: [VRFC 10-311] analyzing module HA_22IM
INFO: [VRFC 10-311] analyzing module HA_21IM
INFO: [VRFC 10-311] analyzing module HA_20IM
INFO: [VRFC 10-311] analyzing module HA_19IM
INFO: [VRFC 10-311] analyzing module HA_18IM
INFO: [VRFC 10-311] analyzing module HA_17IM
INFO: [VRFC 10-311] analyzing module HA_16IM
INFO: [VRFC 10-311] analyzing module HA_15IM
INFO: [VRFC 10-311] analyzing module HA_14IM
INFO: [VRFC 10-311] analyzing module HA_13IM
INFO: [VRFC 10-311] analyzing module HA_12IM
INFO: [VRFC 10-311] analyzing module HA_11IM
INFO: [VRFC 10-311] analyzing module HA_10IM
INFO: [VRFC 10-311] analyzing module HA_9IM
INFO: [VRFC 10-311] analyzing module HA_4BM
INFO: [VRFC 10-311] analyzing module HA_8IM
INFO: [VRFC 10-311] analyzing module HA_7IM
INFO: [VRFC 10-311] analyzing module HA_6IM
INFO: [VRFC 10-311] analyzing module HA_5IM
INFO: [VRFC 10-311] analyzing module HA_3BM
INFO: [VRFC 10-311] analyzing module HA_4IM
INFO: [VRFC 10-311] analyzing module HA_3IM
INFO: [VRFC 10-311] analyzing module HA_2BM
INFO: [VRFC 10-311] analyzing module HA_2IM
INFO: [VRFC 10-311] analyzing module HA_1BM
INFO: [VRFC 10-311] analyzing module HA_AXI_Driver
INFO: [VRFC 10-311] analyzing module HA_GND
INFO: [VRFC 10-311] analyzing module HA_WIN
INFO: [VRFC 10-311] analyzing module HA_INW
INFO: [VRFC 10-311] analyzing module HA_TW
INFO: [VRFC 10-311] analyzing module HA_OW
INFO: [VRFC 10-311] analyzing module HA_WOUT
INFO: [VRFC 10-311] analyzing module CADA_MEMTop
INFO: [VRFC 10-311] analyzing module CADA_LaneMerge
INFO: [VRFC 10-311] analyzing module CADA_LaneSplit
INFO: [VRFC 10-311] analyzing module CADA_MEMControlDual
INFO: [VRFC 10-311] analyzing module CADA_TDP_MemControlBurst
INFO: [VRFC 10-311] analyzing module CADA_AXIS_Driver
INFO: [VRFC 10-311] analyzing module CADA_fifo
INFO: [VRFC 10-2263] Analyzing Verilog file "C:/Users/22395/project_1/project_1.ip_user_files/bd/CADABD/ip/CADABD_MEMDock_0_0/sim/CADABD_MEMDock_0_0.v" into library xil_defaultlib
INFO: [VRFC 10-311] analyzing module CADABD_MEMDock_0_0
INFO: [VRFC 10-2263] Analyzing Verilog file "C:/Users/22395/project_1/project_1.ip_user_files/bd/CADABD/ip/CADABD_blk_mem_gen_0_0/sim/CADABD_blk_mem_gen_0_0.v" into library xil_defaultlib
INFO: [VRFC 10-311] analyzing module CADABD_blk_mem_gen_0_0
INFO: [VRFC 10-2263] Analyzing Verilog file "C:/Users/22395/project_1/project_1.ip_user_files/bd/CADABD/ip/CADABD_blk_mem_gen_1_0/sim/CADABD_blk_mem_gen_1_0.v" into library xil_defaultlib
INFO: [VRFC 10-311] analyzing module CADABD_blk_mem_gen_1_0
INFO: [VRFC 10-2263] Analyzing Verilog file "C:/Users/22395/project_1/project_1.ip_user_files/bd/CADABD/ip/CADABD_blk_mem_gen_2_0/sim/CADABD_blk_mem_gen_2_0.v" into library xil_defaultlib
INFO: [VRFC 10-311] analyzing module CADABD_blk_mem_gen_2_0
INFO: [VRFC 10-2263] Analyzing Verilog file "C:/Users/22395/project_1/project_1.ip_user_files/bd/CADABD/ip/CADABD_blk_mem_gen_3_0/sim/CADABD_blk_mem_gen_3_0.v" into library xil_defaultlib
INFO: [VRFC 10-311] analyzing module CADABD_blk_mem_gen_3_0
INFO: [VRFC 10-2263] Analyzing Verilog file "C:/Users/22395/project_1/project_1.ip_user_files/bd/CADABD/ip/CADABD_blk_mem_gen_4_0/sim/CADABD_blk_mem_gen_4_0.v" into library xil_defaultlib
INFO: [VRFC 10-311] analyzing module CADABD_blk_mem_gen_4_0
INFO: [VRFC 10-2263] Analyzing Verilog file "C:/Users/22395/project_1/project_1.ip_user_files/bd/CADABD/ip/CADABD_blk_mem_gen_5_0/sim/CADABD_blk_mem_gen_5_0.v" into library xil_defaultlib
INFO: [VRFC 10-311] analyzing module CADABD_blk_mem_gen_5_0
INFO: [VRFC 10-2263] Analyzing Verilog file "C:/Users/22395/project_1/project_1.ip_user_files/bd/CADABD/ip/CADABD_blk_mem_gen_6_0/sim/CADABD_blk_mem_gen_6_0.v" into library xil_defaultlib
INFO: [VRFC 10-311] analyzing module CADABD_blk_mem_gen_6_0
INFO: [VRFC 10-2263] Analyzing Verilog file "C:/Users/22395/project_1/project_1.ip_user_files/bd/CADABD/ip/CADABD_blk_mem_gen_7_0/sim/CADABD_blk_mem_gen_7_0.v" into library xil_defaultlib
INFO: [VRFC 10-311] analyzing module CADABD_blk_mem_gen_7_0
INFO: [VRFC 10-2263] Analyzing Verilog file "C:/Users/22395/project_1/project_1.ip_user_files/bd/CADABD/ip/CADABD_blk_mem_gen_8_0/sim/CADABD_blk_mem_gen_8_0.v" into library xil_defaultlib
INFO: [VRFC 10-311] analyzing module CADABD_blk_mem_gen_8_0
INFO: [VRFC 10-2263] Analyzing Verilog file "C:/Users/22395/project_1/project_1.ip_user_files/bd/CADABD/ip/CADABD_blk_mem_gen_9_0/sim/CADABD_blk_mem_gen_9_0.v" into library xil_defaultlib
INFO: [VRFC 10-311] analyzing module CADABD_blk_mem_gen_9_0
INFO: [VRFC 10-2263] Analyzing Verilog file "C:/Users/22395/project_1/project_1.ip_user_files/bd/CADABD/ip/CADABD_blk_mem_gen_10_0/sim/CADABD_blk_mem_gen_10_0.v" into library xil_defaultlib
INFO: [VRFC 10-311] analyzing module CADABD_blk_mem_gen_10_0
INFO: [VRFC 10-2263] Analyzing Verilog file "C:/Users/22395/project_1/project_1.ip_user_files/bd/CADABD/ip/CADABD_blk_mem_gen_11_0/sim/CADABD_blk_mem_gen_11_0.v" into library xil_defaultlib
INFO: [VRFC 10-311] analyzing module CADABD_blk_mem_gen_11_0
INFO: [VRFC 10-2263] Analyzing Verilog file "C:/Users/22395/project_1/project_1.ip_user_files/bd/CADABD/ip/CADABD_blk_mem_gen_12_0/sim/CADABD_blk_mem_gen_12_0.v" into library xil_defaultlib
INFO: [VRFC 10-311] analyzing module CADABD_blk_mem_gen_12_0
INFO: [VRFC 10-2263] Analyzing Verilog file "C:/Users/22395/project_1/project_1.ip_user_files/bd/CADABD/ip/CADABD_blk_mem_gen_13_0/sim/CADABD_blk_mem_gen_13_0.v" into library xil_defaultlib
INFO: [VRFC 10-311] analyzing module CADABD_blk_mem_gen_13_0
INFO: [VRFC 10-2263] Analyzing Verilog file "C:/Users/22395/project_1/project_1.ip_user_files/bd/CADABD/ip/CADABD_blk_mem_gen_14_0/sim/CADABD_blk_mem_gen_14_0.v" into library xil_defaultlib
INFO: [VRFC 10-311] analyzing module CADABD_blk_mem_gen_14_0
INFO: [VRFC 10-2263] Analyzing Verilog file "C:/Users/22395/project_1/project_1.ip_user_files/bd/CADABD/ip/CADABD_blk_mem_gen_15_0/sim/CADABD_blk_mem_gen_15_0.v" into library xil_defaultlib
INFO: [VRFC 10-311] analyzing module CADABD_blk_mem_gen_15_0
INFO: [VRFC 10-2263] Analyzing Verilog file "C:/Users/22395/project_1/project_1.ip_user_files/bd/CADABD/ip/CADABD_blk_mem_gen_16_0/sim/CADABD_blk_mem_gen_16_0.v" into library xil_defaultlib
INFO: [VRFC 10-311] analyzing module CADABD_blk_mem_gen_16_0
INFO: [VRFC 10-2263] Analyzing Verilog file "C:/Users/22395/project_1/project_1.ip_user_files/bd/CADABD/ip/CADABD_blk_mem_gen_17_0/sim/CADABD_blk_mem_gen_17_0.v" into library xil_defaultlib
INFO: [VRFC 10-311] analyzing module CADABD_blk_mem_gen_17_0
INFO: [VRFC 10-2263] Analyzing Verilog file "C:/Users/22395/project_1/project_1.ip_user_files/bd/CADABD/ip/CADABD_blk_mem_gen_18_0/sim/CADABD_blk_mem_gen_18_0.v" into library xil_defaultlib
INFO: [VRFC 10-311] analyzing module CADABD_blk_mem_gen_18_0
INFO: [VRFC 10-2263] Analyzing Verilog file "C:/Users/22395/project_1/project_1.ip_user_files/bd/CADABD/ip/CADABD_blk_mem_gen_19_0/sim/CADABD_blk_mem_gen_19_0.v" into library xil_defaultlib
INFO: [VRFC 10-311] analyzing module CADABD_blk_mem_gen_19_0
INFO: [VRFC 10-2263] Analyzing Verilog file "C:/Users/22395/project_1/project_1.ip_user_files/bd/CADABD/ip/CADABD_blk_mem_gen_20_0/sim/CADABD_blk_mem_gen_20_0.v" into library xil_defaultlib
INFO: [VRFC 10-311] analyzing module CADABD_blk_mem_gen_20_0
INFO: [VRFC 10-2263] Analyzing Verilog file "C:/Users/22395/project_1/project_1.ip_user_files/bd/CADABD/ip/CADABD_blk_mem_gen_21_0/sim/CADABD_blk_mem_gen_21_0.v" into library xil_defaultlib
INFO: [VRFC 10-311] analyzing module CADABD_blk_mem_gen_21_0
INFO: [VRFC 10-2263] Analyzing Verilog file "C:/Users/22395/project_1/project_1.ip_user_files/bd/CADABD/ip/CADABD_blk_mem_gen_22_0/sim/CADABD_blk_mem_gen_22_0.v" into library xil_defaultlib
INFO: [VRFC 10-311] analyzing module CADABD_blk_mem_gen_22_0
INFO: [VRFC 10-2263] Analyzing Verilog file "C:/Users/22395/project_1/project_1.ip_user_files/bd/CADABD/ip/CADABD_blk_mem_gen_23_0/sim/CADABD_blk_mem_gen_23_0.v" into library xil_defaultlib
INFO: [VRFC 10-311] analyzing module CADABD_blk_mem_gen_23_0
INFO: [VRFC 10-2263] Analyzing Verilog file "C:/Users/22395/project_1/project_1.ip_user_files/bd/CADABD/ip/CADABD_blk_mem_gen_24_0/sim/CADABD_blk_mem_gen_24_0.v" into library xil_defaultlib
INFO: [VRFC 10-311] analyzing module CADABD_blk_mem_gen_24_0
INFO: [VRFC 10-2263] Analyzing Verilog file "C:/Users/22395/project_1/project_1.ip_user_files/bd/CADABD/ip/CADABD_blk_mem_gen_25_0/sim/CADABD_blk_mem_gen_25_0.v" into library xil_defaultlib
INFO: [VRFC 10-311] analyzing module CADABD_blk_mem_gen_25_0
INFO: [VRFC 10-2263] Analyzing Verilog file "C:/Users/22395/project_1/project_1.ip_user_files/bd/CADABD/ip/CADABD_blk_mem_gen_26_0/sim/CADABD_blk_mem_gen_26_0.v" into library xil_defaultlib
INFO: [VRFC 10-311] analyzing module CADABD_blk_mem_gen_26_0
INFO: [VRFC 10-2263] Analyzing Verilog file "C:/Users/22395/project_1/project_1.ip_user_files/bd/CADABD/ip/CADABD_blk_mem_gen_27_0/sim/CADABD_blk_mem_gen_27_0.v" into library xil_defaultlib
INFO: [VRFC 10-311] analyzing module CADABD_blk_mem_gen_27_0
INFO: [VRFC 10-2263] Analyzing Verilog file "C:/Users/22395/project_1/project_1.ip_user_files/bd/CADABD/ip/CADABD_blk_mem_gen_28_0/sim/CADABD_blk_mem_gen_28_0.v" into library xil_defaultlib
INFO: [VRFC 10-311] analyzing module CADABD_blk_mem_gen_28_0
INFO: [VRFC 10-2263] Analyzing Verilog file "C:/Users/22395/project_1/project_1.ip_user_files/bd/CADABD/ip/CADABD_blk_mem_gen_29_0/sim/CADABD_blk_mem_gen_29_0.v" into library xil_defaultlib
INFO: [VRFC 10-311] analyzing module CADABD_blk_mem_gen_29_0
INFO: [VRFC 10-2263] Analyzing Verilog file "C:/Users/22395/project_1/project_1.ip_user_files/bd/CADABD/ip/CADABD_blk_mem_gen_30_0/sim/CADABD_blk_mem_gen_30_0.v" into library xil_defaultlib
INFO: [VRFC 10-311] analyzing module CADABD_blk_mem_gen_30_0
INFO: [VRFC 10-2263] Analyzing Verilog file "C:/Users/22395/project_1/project_1.ip_user_files/bd/CADABD/ip/CADABD_blk_mem_gen_31_0/sim/CADABD_blk_mem_gen_31_0.v" into library xil_defaultlib
INFO: [VRFC 10-311] analyzing module CADABD_blk_mem_gen_31_0
INFO: [VRFC 10-2263] Analyzing Verilog file "C:/Users/22395/project_1/project_1.ip_user_files/bd/CADABD/ip/CADABD_blk_mem_gen_32_0/sim/CADABD_blk_mem_gen_32_0.v" into library xil_defaultlib
INFO: [VRFC 10-311] analyzing module CADABD_blk_mem_gen_32_0
INFO: [VRFC 10-2263] Analyzing Verilog file "C:/Users/22395/project_1/project_1.ip_user_files/bd/CADABD/ip/CADABD_blk_mem_gen_33_0/sim/CADABD_blk_mem_gen_33_0.v" into library xil_defaultlib
INFO: [VRFC 10-311] analyzing module CADABD_blk_mem_gen_33_0
INFO: [VRFC 10-2263] Analyzing Verilog file "C:/Users/22395/project_1/project_1.ip_user_files/bd/CADABD/ip/CADABD_blk_mem_gen_34_0/sim/CADABD_blk_mem_gen_34_0.v" into library xil_defaultlib
INFO: [VRFC 10-311] analyzing module CADABD_blk_mem_gen_34_0
INFO: [VRFC 10-2263] Analyzing Verilog file "C:/Users/22395/project_1/project_1.ip_user_files/bd/CADABD/ip/CADABD_blk_mem_gen_35_0/sim/CADABD_blk_mem_gen_35_0.v" into library xil_defaultlib
INFO: [VRFC 10-311] analyzing module CADABD_blk_mem_gen_35_0
INFO: [VRFC 10-2263] Analyzing Verilog file "C:/Users/22395/project_1/project_1.ip_user_files/bd/CADABD/ip/CADABD_blk_mem_gen_36_0/sim/CADABD_blk_mem_gen_36_0.v" into library xil_defaultlib
INFO: [VRFC 10-311] analyzing module CADABD_blk_mem_gen_36_0
INFO: [VRFC 10-2263] Analyzing Verilog file "C:/Users/22395/project_1/project_1.ip_user_files/bd/CADABD/ip/CADABD_blk_mem_gen_37_0/sim/CADABD_blk_mem_gen_37_0.v" into library xil_defaultlib
INFO: [VRFC 10-311] analyzing module CADABD_blk_mem_gen_37_0
INFO: [VRFC 10-2263] Analyzing Verilog file "C:/Users/22395/project_1/project_1.ip_user_files/bd/CADABD/ip/CADABD_blk_mem_gen_38_0/sim/CADABD_blk_mem_gen_38_0.v" into library xil_defaultlib
INFO: [VRFC 10-311] analyzing module CADABD_blk_mem_gen_38_0
INFO: [VRFC 10-2263] Analyzing Verilog file "C:/Users/22395/project_1/project_1.ip_user_files/bd/CADABD/ip/CADABD_blk_mem_gen_39_0/sim/CADABD_blk_mem_gen_39_0.v" into library xil_defaultlib
INFO: [VRFC 10-311] analyzing module CADABD_blk_mem_gen_39_0
INFO: [VRFC 10-2263] Analyzing Verilog file "C:/Users/22395/project_1/project_1.ip_user_files/bd/CADABD/ip/CADABD_blk_mem_gen_40_0/sim/CADABD_blk_mem_gen_40_0.v" into library xil_defaultlib
INFO: [VRFC 10-311] analyzing module CADABD_blk_mem_gen_40_0
INFO: [VRFC 10-2263] Analyzing Verilog file "C:/Users/22395/project_1/project_1.ip_user_files/bd/CADABD/ip/CADABD_blk_mem_gen_41_0/sim/CADABD_blk_mem_gen_41_0.v" into library xil_defaultlib
INFO: [VRFC 10-311] analyzing module CADABD_blk_mem_gen_41_0
INFO: [VRFC 10-2263] Analyzing Verilog file "C:/Users/22395/project_1/project_1.ip_user_files/bd/CADABD/ip/CADABD_blk_mem_gen_42_0/sim/CADABD_blk_mem_gen_42_0.v" into library xil_defaultlib
INFO: [VRFC 10-311] analyzing module CADABD_blk_mem_gen_42_0
INFO: [VRFC 10-2263] Analyzing Verilog file "C:/Users/22395/project_1/project_1.ip_user_files/bd/CADABD/ip/CADABD_blk_mem_gen_43_0/sim/CADABD_blk_mem_gen_43_0.v" into library xil_defaultlib
INFO: [VRFC 10-311] analyzing module CADABD_blk_mem_gen_43_0
INFO: [VRFC 10-2263] Analyzing Verilog file "C:/Users/22395/project_1/project_1.ip_user_files/bd/CADABD/ip/CADABD_blk_mem_gen_44_0/sim/CADABD_blk_mem_gen_44_0.v" into library xil_defaultlib
INFO: [VRFC 10-311] analyzing module CADABD_blk_mem_gen_44_0
INFO: [VRFC 10-2263] Analyzing Verilog file "C:/Users/22395/project_1/project_1.ip_user_files/bd/CADABD/ip/CADABD_blk_mem_gen_45_0/sim/CADABD_blk_mem_gen_45_0.v" into library xil_defaultlib
INFO: [VRFC 10-311] analyzing module CADABD_blk_mem_gen_45_0
INFO: [VRFC 10-2263] Analyzing Verilog file "C:/Users/22395/project_1/project_1.ip_user_files/bd/CADABD/ip/CADABD_blk_mem_gen_46_0/sim/CADABD_blk_mem_gen_46_0.v" into library xil_defaultlib
INFO: [VRFC 10-311] analyzing module CADABD_blk_mem_gen_46_0
INFO: [VRFC 10-2263] Analyzing Verilog file "C:/Users/22395/project_1/project_1.ip_user_files/bd/CADABD/ip/CADABD_blk_mem_gen_47_0/sim/CADABD_blk_mem_gen_47_0.v" into library xil_defaultlib
INFO: [VRFC 10-311] analyzing module CADABD_blk_mem_gen_47_0
INFO: [VRFC 10-2263] Analyzing Verilog file "C:/Users/22395/project_1/project_1.ip_user_files/bd/CADABD/ip/CADABD_blk_mem_gen_48_0/sim/CADABD_blk_mem_gen_48_0.v" into library xil_defaultlib
INFO: [VRFC 10-311] analyzing module CADABD_blk_mem_gen_48_0
INFO: [VRFC 10-2263] Analyzing Verilog file "C:/Users/22395/project_1/project_1.ip_user_files/bd/CADABD/ip/CADABD_blk_mem_gen_49_0/sim/CADABD_blk_mem_gen_49_0.v" into library xil_defaultlib
INFO: [VRFC 10-311] analyzing module CADABD_blk_mem_gen_49_0
INFO: [VRFC 10-2263] Analyzing Verilog file "C:/Users/22395/project_1/project_1.ip_user_files/bd/CADABD/ip/CADABD_blk_mem_gen_50_0/sim/CADABD_blk_mem_gen_50_0.v" into library xil_defaultlib
INFO: [VRFC 10-311] analyzing module CADABD_blk_mem_gen_50_0
INFO: [VRFC 10-2263] Analyzing Verilog file "C:/Users/22395/project_1/project_1.ip_user_files/bd/CADABD/ip/CADABD_blk_mem_gen_51_0/sim/CADABD_blk_mem_gen_51_0.v" into library xil_defaultlib
INFO: [VRFC 10-311] analyzing module CADABD_blk_mem_gen_51_0
INFO: [VRFC 10-2263] Analyzing Verilog file "C:/Users/22395/project_1/project_1.ip_user_files/bd/CADABD/ip/CADABD_blk_mem_gen_52_0/sim/CADABD_blk_mem_gen_52_0.v" into library xil_defaultlib
INFO: [VRFC 10-311] analyzing module CADABD_blk_mem_gen_52_0
INFO: [VRFC 10-2263] Analyzing Verilog file "C:/Users/22395/project_1/project_1.ip_user_files/bd/CADABD/ip/CADABD_blk_mem_gen_53_0/sim/CADABD_blk_mem_gen_53_0.v" into library xil_defaultlib
INFO: [VRFC 10-311] analyzing module CADABD_blk_mem_gen_53_0
INFO: [VRFC 10-2263] Analyzing Verilog file "C:/Users/22395/project_1/project_1.ip_user_files/bd/CADABD/ip/CADABD_blk_mem_gen_54_0/sim/CADABD_blk_mem_gen_54_0.v" into library xil_defaultlib
INFO: [VRFC 10-311] analyzing module CADABD_blk_mem_gen_54_0
INFO: [VRFC 10-2263] Analyzing Verilog file "C:/Users/22395/project_1/project_1.ip_user_files/bd/CADABD/ip/CADABD_blk_mem_gen_55_0/sim/CADABD_blk_mem_gen_55_0.v" into library xil_defaultlib
INFO: [VRFC 10-311] analyzing module CADABD_blk_mem_gen_55_0
INFO: [VRFC 10-2263] Analyzing Verilog file "C:/Users/22395/project_1/project_1.ip_user_files/bd/CADABD/ip/CADABD_blk_mem_gen_56_0/sim/CADABD_blk_mem_gen_56_0.v" into library xil_defaultlib
INFO: [VRFC 10-311] analyzing module CADABD_blk_mem_gen_56_0
INFO: [VRFC 10-2263] Analyzing Verilog file "C:/Users/22395/project_1/project_1.ip_user_files/bd/CADABD/ip/CADABD_blk_mem_gen_57_0/sim/CADABD_blk_mem_gen_57_0.v" into library xil_defaultlib
INFO: [VRFC 10-311] analyzing module CADABD_blk_mem_gen_57_0
INFO: [VRFC 10-2263] Analyzing Verilog file "C:/Users/22395/project_1/project_1.ip_user_files/bd/CADABD/ip/CADABD_blk_mem_gen_58_0/sim/CADABD_blk_mem_gen_58_0.v" into library xil_defaultlib
INFO: [VRFC 10-311] analyzing module CADABD_blk_mem_gen_58_0
INFO: [VRFC 10-2263] Analyzing Verilog file "C:/Users/22395/project_1/project_1.ip_user_files/bd/CADABD/ip/CADABD_blk_mem_gen_59_0/sim/CADABD_blk_mem_gen_59_0.v" into library xil_defaultlib
INFO: [VRFC 10-311] analyzing module CADABD_blk_mem_gen_59_0
INFO: [VRFC 10-2263] Analyzing Verilog file "C:/Users/22395/project_1/project_1.ip_user_files/bd/CADABD/ip/CADABD_blk_mem_gen_60_0/sim/CADABD_blk_mem_gen_60_0.v" into library xil_defaultlib
INFO: [VRFC 10-311] analyzing module CADABD_blk_mem_gen_60_0
INFO: [VRFC 10-2263] Analyzing Verilog file "C:/Users/22395/project_1/project_1.ip_user_files/bd/CADABD/ip/CADABD_blk_mem_gen_61_0/sim/CADABD_blk_mem_gen_61_0.v" into library xil_defaultlib
INFO: [VRFC 10-311] analyzing module CADABD_blk_mem_gen_61_0
INFO: [VRFC 10-2263] Analyzing Verilog file "C:/Users/22395/project_1/project_1.ip_user_files/bd/CADABD/ip/CADABD_blk_mem_gen_62_0/sim/CADABD_blk_mem_gen_62_0.v" into library xil_defaultlib
INFO: [VRFC 10-311] analyzing module CADABD_blk_mem_gen_62_0
INFO: [VRFC 10-2263] Analyzing Verilog file "C:/Users/22395/project_1/project_1.ip_user_files/bd/CADABD/ip/CADABD_blk_mem_gen_63_0/sim/CADABD_blk_mem_gen_63_0.v" into library xil_defaultlib
INFO: [VRFC 10-311] analyzing module CADABD_blk_mem_gen_63_0
INFO: [VRFC 10-2263] Analyzing Verilog file "C:/Users/22395/project_1/project_1.ip_user_files/bd/CADABD/ip/CADABD_blk_mem_gen_64_0/sim/CADABD_blk_mem_gen_64_0.v" into library xil_defaultlib
INFO: [VRFC 10-311] analyzing module CADABD_blk_mem_gen_64_0
INFO: [VRFC 10-2263] Analyzing Verilog file "C:/Users/22395/project_1/project_1.ip_user_files/bd/CADABD/ip/CADABD_blk_mem_gen_65_0/sim/CADABD_blk_mem_gen_65_0.v" into library xil_defaultlib
INFO: [VRFC 10-311] analyzing module CADABD_blk_mem_gen_65_0
INFO: [VRFC 10-2263] Analyzing Verilog file "C:/Users/22395/project_1/project_1.ip_user_files/bd/CADABD/ip/CADABD_blk_mem_gen_66_0/sim/CADABD_blk_mem_gen_66_0.v" into library xil_defaultlib
INFO: [VRFC 10-311] analyzing module CADABD_blk_mem_gen_66_0
INFO: [VRFC 10-2263] Analyzing Verilog file "C:/Users/22395/project_1/project_1.ip_user_files/bd/CADABD/ip/CADABD_blk_mem_gen_67_0/sim/CADABD_blk_mem_gen_67_0.v" into library xil_defaultlib
INFO: [VRFC 10-311] analyzing module CADABD_blk_mem_gen_67_0
INFO: [VRFC 10-2263] Analyzing Verilog file "C:/Users/22395/project_1/project_1.ip_user_files/bd/CADABD/ip/CADABD_blk_mem_gen_68_0/sim/CADABD_blk_mem_gen_68_0.v" into library xil_defaultlib
INFO: [VRFC 10-311] analyzing module CADABD_blk_mem_gen_68_0
INFO: [VRFC 10-2263] Analyzing Verilog file "C:/Users/22395/project_1/project_1.ip_user_files/bd/CADABD/ip/CADABD_blk_mem_gen_69_0/sim/CADABD_blk_mem_gen_69_0.v" into library xil_defaultlib
INFO: [VRFC 10-311] analyzing module CADABD_blk_mem_gen_69_0
INFO: [VRFC 10-2263] Analyzing Verilog file "C:/Users/22395/project_1/project_1.ip_user_files/bd/CADABD/ip/CADABD_blk_mem_gen_70_0/sim/CADABD_blk_mem_gen_70_0.v" into library xil_defaultlib
INFO: [VRFC 10-311] analyzing module CADABD_blk_mem_gen_70_0
INFO: [VRFC 10-2263] Analyzing Verilog file "C:/Users/22395/project_1/project_1.ip_user_files/bd/CADABD/ip/CADABD_blk_mem_gen_71_0/sim/CADABD_blk_mem_gen_71_0.v" into library xil_defaultlib
INFO: [VRFC 10-311] analyzing module CADABD_blk_mem_gen_71_0
INFO: [VRFC 10-2263] Analyzing Verilog file "C:/Users/22395/project_1/project_1.ip_user_files/bd/CADABD/ip/CADABD_blk_mem_gen_72_0/sim/CADABD_blk_mem_gen_72_0.v" into library xil_defaultlib
INFO: [VRFC 10-311] analyzing module CADABD_blk_mem_gen_72_0
INFO: [VRFC 10-2263] Analyzing Verilog file "C:/Users/22395/project_1/project_1.ip_user_files/bd/CADABD/ip/CADABD_blk_mem_gen_73_0/sim/CADABD_blk_mem_gen_73_0.v" into library xil_defaultlib
INFO: [VRFC 10-311] analyzing module CADABD_blk_mem_gen_73_0
INFO: [VRFC 10-2263] Analyzing Verilog file "C:/Users/22395/project_1/project_1.ip_user_files/bd/CADABD/ip/CADABD_blk_mem_gen_74_0/sim/CADABD_blk_mem_gen_74_0.v" into library xil_defaultlib
INFO: [VRFC 10-311] analyzing module CADABD_blk_mem_gen_74_0
INFO: [VRFC 10-2263] Analyzing Verilog file "C:/Users/22395/project_1/project_1.ip_user_files/bd/CADABD/ip/CADABD_blk_mem_gen_75_0/sim/CADABD_blk_mem_gen_75_0.v" into library xil_defaultlib
INFO: [VRFC 10-311] analyzing module CADABD_blk_mem_gen_75_0
INFO: [VRFC 10-2263] Analyzing Verilog file "C:/Users/22395/project_1/project_1.ip_user_files/bd/CADABD/ip/CADABD_blk_mem_gen_76_0/sim/CADABD_blk_mem_gen_76_0.v" into library xil_defaultlib
INFO: [VRFC 10-311] analyzing module CADABD_blk_mem_gen_76_0
INFO: [VRFC 10-2263] Analyzing Verilog file "C:/Users/22395/project_1/project_1.ip_user_files/bd/CADABD/ip/CADABD_blk_mem_gen_77_0/sim/CADABD_blk_mem_gen_77_0.v" into library xil_defaultlib
INFO: [VRFC 10-311] analyzing module CADABD_blk_mem_gen_77_0
INFO: [VRFC 10-2263] Analyzing Verilog file "C:/Users/22395/project_1/project_1.ip_user_files/bd/CADABD/ip/CADABD_blk_mem_gen_78_0/sim/CADABD_blk_mem_gen_78_0.v" into library xil_defaultlib
INFO: [VRFC 10-311] analyzing module CADABD_blk_mem_gen_78_0
INFO: [VRFC 10-2263] Analyzing Verilog file "C:/Users/22395/project_1/project_1.ip_user_files/bd/CADABD/ip/CADABD_blk_mem_gen_79_0/sim/CADABD_blk_mem_gen_79_0.v" into library xil_defaultlib
INFO: [VRFC 10-311] analyzing module CADABD_blk_mem_gen_79_0
INFO: [VRFC 10-2263] Analyzing Verilog file "C:/Users/22395/project_1/project_1.ip_user_files/bd/CADABD/ip/CADABD_blk_mem_gen_80_0/sim/CADABD_blk_mem_gen_80_0.v" into library xil_defaultlib
INFO: [VRFC 10-311] analyzing module CADABD_blk_mem_gen_80_0
INFO: [VRFC 10-2263] Analyzing Verilog file "C:/Users/22395/project_1/project_1.ip_user_files/bd/CADABD/ip/CADABD_blk_mem_gen_81_0/sim/CADABD_blk_mem_gen_81_0.v" into library xil_defaultlib
INFO: [VRFC 10-311] analyzing module CADABD_blk_mem_gen_81_0
INFO: [VRFC 10-2263] Analyzing Verilog file "C:/Users/22395/project_1/project_1.ip_user_files/bd/CADABD/ip/CADABD_blk_mem_gen_82_0/sim/CADABD_blk_mem_gen_82_0.v" into library xil_defaultlib
INFO: [VRFC 10-311] analyzing module CADABD_blk_mem_gen_82_0
INFO: [VRFC 10-2263] Analyzing Verilog file "C:/Users/22395/project_1/project_1.ip_user_files/bd/CADABD/ip/CADABD_blk_mem_gen_83_0/sim/CADABD_blk_mem_gen_83_0.v" into library xil_defaultlib
INFO: [VRFC 10-311] analyzing module CADABD_blk_mem_gen_83_0
INFO: [VRFC 10-2263] Analyzing Verilog file "C:/Users/22395/project_1/project_1.ip_user_files/bd/CADABD/ip/CADABD_blk_mem_gen_84_0/sim/CADABD_blk_mem_gen_84_0.v" into library xil_defaultlib
INFO: [VRFC 10-311] analyzing module CADABD_blk_mem_gen_84_0
INFO: [VRFC 10-2263] Analyzing Verilog file "C:/Users/22395/project_1/project_1.ip_user_files/bd/CADABD/ip/CADABD_blk_mem_gen_85_0/sim/CADABD_blk_mem_gen_85_0.v" into library xil_defaultlib
INFO: [VRFC 10-311] analyzing module CADABD_blk_mem_gen_85_0
INFO: [VRFC 10-2263] Analyzing Verilog file "C:/Users/22395/project_1/project_1.ip_user_files/bd/CADABD/ip/CADABD_blk_mem_gen_86_0/sim/CADABD_blk_mem_gen_86_0.v" into library xil_defaultlib
INFO: [VRFC 10-311] analyzing module CADABD_blk_mem_gen_86_0
INFO: [VRFC 10-2263] Analyzing Verilog file "C:/Users/22395/project_1/project_1.ip_user_files/bd/CADABD/ip/CADABD_blk_mem_gen_87_0/sim/CADABD_blk_mem_gen_87_0.v" into library xil_defaultlib
INFO: [VRFC 10-311] analyzing module CADABD_blk_mem_gen_87_0
INFO: [VRFC 10-2263] Analyzing Verilog file "C:/Users/22395/project_1/project_1.ip_user_files/bd/CADABD/ip/CADABD_blk_mem_gen_88_0/sim/CADABD_blk_mem_gen_88_0.v" into library xil_defaultlib
INFO: [VRFC 10-311] analyzing module CADABD_blk_mem_gen_88_0
INFO: [VRFC 10-2263] Analyzing Verilog file "C:/Users/22395/project_1/project_1.ip_user_files/bd/CADABD/ip/CADABD_blk_mem_gen_89_0/sim/CADABD_blk_mem_gen_89_0.v" into library xil_defaultlib
INFO: [VRFC 10-311] analyzing module CADABD_blk_mem_gen_89_0
INFO: [VRFC 10-2263] Analyzing Verilog file "C:/Users/22395/project_1/project_1.ip_user_files/bd/CADABD/ip/CADABD_blk_mem_gen_90_0/sim/CADABD_blk_mem_gen_90_0.v" into library xil_defaultlib
INFO: [VRFC 10-311] analyzing module CADABD_blk_mem_gen_90_0
INFO: [VRFC 10-2263] Analyzing Verilog file "C:/Users/22395/project_1/project_1.ip_user_files/bd/CADABD/ip/CADABD_blk_mem_gen_91_0/sim/CADABD_blk_mem_gen_91_0.v" into library xil_defaultlib
INFO: [VRFC 10-311] analyzing module CADABD_blk_mem_gen_91_0
INFO: [VRFC 10-2263] Analyzing Verilog file "C:/Users/22395/project_1/project_1.ip_user_files/bd/CADABD/ip/CADABD_blk_mem_gen_92_0/sim/CADABD_blk_mem_gen_92_0.v" into library xil_defaultlib
INFO: [VRFC 10-311] analyzing module CADABD_blk_mem_gen_92_0
INFO: [VRFC 10-2263] Analyzing Verilog file "C:/Users/22395/project_1/project_1.ip_user_files/bd/CADABD/ip/CADABD_blk_mem_gen_93_0/sim/CADABD_blk_mem_gen_93_0.v" into library xil_defaultlib
INFO: [VRFC 10-311] analyzing module CADABD_blk_mem_gen_93_0
INFO: [VRFC 10-2263] Analyzing Verilog file "C:/Users/22395/project_1/project_1.ip_user_files/bd/CADABD/ip/CADABD_blk_mem_gen_94_0/sim/CADABD_blk_mem_gen_94_0.v" into library xil_defaultlib
INFO: [VRFC 10-311] analyzing module CADABD_blk_mem_gen_94_0
INFO: [VRFC 10-2263] Analyzing Verilog file "C:/Users/22395/project_1/project_1.ip_user_files/bd/CADABD/ip/CADABD_blk_mem_gen_95_0/sim/CADABD_blk_mem_gen_95_0.v" into library xil_defaultlib
INFO: [VRFC 10-311] analyzing module CADABD_blk_mem_gen_95_0
INFO: [VRFC 10-2263] Analyzing Verilog file "C:/Users/22395/project_1/project_1.ip_user_files/bd/CADABD/ip/CADABD_blk_mem_gen_96_0/sim/CADABD_blk_mem_gen_96_0.v" into library xil_defaultlib
INFO: [VRFC 10-311] analyzing module CADABD_blk_mem_gen_96_0
INFO: [VRFC 10-2263] Analyzing Verilog file "C:/Users/22395/project_1/project_1.ip_user_files/bd/CADABD/ip/CADABD_blk_mem_gen_97_0/sim/CADABD_blk_mem_gen_97_0.v" into library xil_defaultlib
INFO: [VRFC 10-311] analyzing module CADABD_blk_mem_gen_97_0
INFO: [VRFC 10-2263] Analyzing Verilog file "C:/Users/22395/project_1/project_1.ip_user_files/bd/CADABD/ip/CADABD_blk_mem_gen_98_0/sim/CADABD_blk_mem_gen_98_0.v" into library xil_defaultlib
INFO: [VRFC 10-311] analyzing module CADABD_blk_mem_gen_98_0
INFO: [VRFC 10-2263] Analyzing Verilog file "C:/Users/22395/project_1/project_1.ip_user_files/bd/CADABD/ip/CADABD_blk_mem_gen_99_0/sim/CADABD_blk_mem_gen_99_0.v" into library xil_defaultlib
INFO: [VRFC 10-311] analyzing module CADABD_blk_mem_gen_99_0
INFO: [VRFC 10-2263] Analyzing Verilog file "C:/Users/22395/project_1/project_1.ip_user_files/bd/CADABD/ip/CADABD_blk_mem_gen_100_0/sim/CADABD_blk_mem_gen_100_0.v" into library xil_defaultlib
INFO: [VRFC 10-311] analyzing module CADABD_blk_mem_gen_100_0
INFO: [VRFC 10-2263] Analyzing Verilog file "C:/Users/22395/project_1/project_1.ip_user_files/bd/CADABD/ip/CADABD_blk_mem_gen_101_0/sim/CADABD_blk_mem_gen_101_0.v" into library xil_defaultlib
INFO: [VRFC 10-311] analyzing module CADABD_blk_mem_gen_101_0
INFO: [VRFC 10-2263] Analyzing Verilog file "C:/Users/22395/project_1/project_1.ip_user_files/bd/CADABD/ip/CADABD_blk_mem_gen_102_0/sim/CADABD_blk_mem_gen_102_0.v" into library xil_defaultlib
INFO: [VRFC 10-311] analyzing module CADABD_blk_mem_gen_102_0
INFO: [VRFC 10-2263] Analyzing Verilog file "C:/Users/22395/project_1/project_1.ip_user_files/bd/CADABD/ip/CADABD_blk_mem_gen_103_0/sim/CADABD_blk_mem_gen_103_0.v" into library xil_defaultlib
INFO: [VRFC 10-311] analyzing module CADABD_blk_mem_gen_103_0
INFO: [VRFC 10-2263] Analyzing Verilog file "C:/Users/22395/project_1/project_1.ip_user_files/bd/CADABD/ip/CADABD_blk_mem_gen_104_0/sim/CADABD_blk_mem_gen_104_0.v" into library xil_defaultlib
INFO: [VRFC 10-311] analyzing module CADABD_blk_mem_gen_104_0
INFO: [VRFC 10-2263] Analyzing Verilog file "C:/Users/22395/project_1/project_1.ip_user_files/bd/CADABD/ip/CADABD_blk_mem_gen_105_0/sim/CADABD_blk_mem_gen_105_0.v" into library xil_defaultlib
INFO: [VRFC 10-311] analyzing module CADABD_blk_mem_gen_105_0
INFO: [VRFC 10-2263] Analyzing Verilog file "C:/Users/22395/project_1/project_1.ip_user_files/bd/CADABD/ip/CADABD_blk_mem_gen_106_0/sim/CADABD_blk_mem_gen_106_0.v" into library xil_defaultlib
INFO: [VRFC 10-311] analyzing module CADABD_blk_mem_gen_106_0
INFO: [VRFC 10-2263] Analyzing Verilog file "C:/Users/22395/project_1/project_1.ip_user_files/bd/CADABD/ip/CADABD_blk_mem_gen_107_0/sim/CADABD_blk_mem_gen_107_0.v" into library xil_defaultlib
INFO: [VRFC 10-311] analyzing module CADABD_blk_mem_gen_107_0
INFO: [VRFC 10-2263] Analyzing Verilog file "C:/Users/22395/project_1/project_1.ip_user_files/bd/CADABD/ip/CADABD_blk_mem_gen_108_0/sim/CADABD_blk_mem_gen_108_0.v" into library xil_defaultlib
INFO: [VRFC 10-311] analyzing module CADABD_blk_mem_gen_108_0
INFO: [VRFC 10-2263] Analyzing Verilog file "C:/Users/22395/project_1/project_1.ip_user_files/bd/CADABD/ip/CADABD_CGRATop_0_0/sim/CADABD_CGRATop_0_0.v" into library xil_defaultlib
INFO: [VRFC 10-311] analyzing module CADABD_CGRATop_0_0
INFO: [VRFC 10-2263] Analyzing Verilog file "C:/Users/22395/project_1/project_1.ip_user_files/bd/CADABD/sim/CADABD.v" into library xil_defaultlib
INFO: [VRFC 10-311] analyzing module CADABD
INFO: [VRFC 10-2263] Analyzing Verilog file "C:/Users/22395/project_1/project_1.gen/sources_1/bd/CADABD/hdl/CADABD_wrapper.v" into library xil_defaultlib
INFO: [VRFC 10-311] analyzing module CADABD_wrapper
INFO: [VRFC 10-2263] Analyzing Verilog file "C:/Users/22395/project_1/project_1.srcs/sim_1/new/CADASim.v" into library xil_defaultlib
INFO: [VRFC 10-311] analyzing module CADA_Bd_TB
