Vivado Simulator v2023.2
Copyright 1986-2022 Xilinx, Inc. All Rights Reserved.
Copyright 2022-2023 Advanced Micro Devices, Inc. All Rights Reserved.
Running: F:/Xilinx/Vivado/2023.2/bin/unwrapped/win64.o/xelab.exe --incr --debug typical --relax --mt 2 -L xil_defaultlib -L blk_mem_gen_v8_4_7 -L unisims_ver -L unimacro_ver -L secureip -L xpm --snapshot CADA_Bd_TB_behav xil_defaultlib.CADA_Bd_TB xil_defaultlib.glbl -log elaborate.log 
Using 2 slave threads.
Starting static elaboration
Pass Through NonSizing Optimizer
WARNING: [VRFC 10-3091] actual bit length 64 differs from formal bit length 7 for port 'burst_count_ctx1' [C:/Users/22395/project_1/project_1.srcs/sources_1/new/CADATop.v:80]
WARNING: [VRFC 10-3091] actual bit length 64 differs from formal bit length 7 for port 'burst_count_ctx2' [C:/Users/22395/project_1/project_1.srcs/sources_1/new/CADATop.v:86]
WARNING: [VRFC 10-3091] actual bit length 64 differs from formal bit length 7 for port 'burst_count_ctx1' [C:/Users/22395/project_1/project_1.srcs/sources_1/new/CADATop.v:130]
WARNING: [VRFC 10-3091] actual bit length 64 differs from formal bit length 7 for port 'burst_count_ctx2' [C:/Users/22395/project_1/project_1.srcs/sources_1/new/CADATop.v:136]
WARNING: [VRFC 10-3091] actual bit length 64 differs from formal bit length 7 for port 'burst_count_ctx1' [C:/Users/22395/project_1/project_1.srcs/sources_1/new/CADATop.v:180]
WARNING: [VRFC 10-3091] actual bit length 64 differs from formal bit length 7 for port 'burst_count_ctx2' [C:/Users/22395/project_1/project_1.srcs/sources_1/new/CADATop.v:186]
WARNING: [VRFC 10-3091] actual bit length 64 differs from formal bit length 7 for port 'burst_count_ctx1' [C:/Users/22395/project_1/project_1.srcs/sources_1/new/CADATop.v:230]
WARNING: [VRFC 10-3091] actual bit length 64 differs from formal bit length 7 for port 'burst_count_ctx2' [C:/Users/22395/project_1/project_1.srcs/sources_1/new/CADATop.v:236]
WARNING: [VRFC 10-3091] actual bit length 64 differs from formal bit length 7 for port 'burst_count_ctx1' [C:/Users/22395/project_1/project_1.srcs/sources_1/new/CADATop.v:280]
WARNING: [VRFC 10-3091] actual bit length 64 differs from formal bit length 7 for port 'burst_count_ctx2' [C:/Users/22395/project_1/project_1.srcs/sources_1/new/CADATop.v:286]
WARNING: [VRFC 10-3091] actual bit length 64 differs from formal bit length 7 for port 'burst_count_ctx1' [C:/Users/22395/project_1/project_1.srcs/sources_1/new/CADATop.v:330]
WARNING: [VRFC 10-3091] actual bit length 64 differs from formal bit length 7 for port 'burst_count_ctx2' [C:/Users/22395/project_1/project_1.srcs/sources_1/new/CADATop.v:336]
WARNING: [VRFC 10-3091] actual bit length 64 differs from formal bit length 7 for port 'burst_count_ctx1' [C:/Users/22395/project_1/project_1.srcs/sources_1/new/CADATop.v:380]
WARNING: [VRFC 10-3091] actual bit length 64 differs from formal bit length 7 for port 'burst_count_ctx2' [C:/Users/22395/project_1/project_1.srcs/sources_1/new/CADATop.v:386]
WARNING: [VRFC 10-3091] actual bit length 64 differs from formal bit length 7 for port 'burst_count_ctx1' [C:/Users/22395/project_1/project_1.srcs/sources_1/new/CADATop.v:430]
WARNING: [VRFC 10-3091] actual bit length 64 differs from formal bit length 7 for port 'burst_count_ctx2' [C:/Users/22395/project_1/project_1.srcs/sources_1/new/CADATop.v:436]
WARNING: [VRFC 10-3091] actual bit length 64 differs from formal bit length 7 for port 'burst_count_ctx1' [C:/Users/22395/project_1/project_1.srcs/sources_1/new/CADATop.v:480]
WARNING: [VRFC 10-3091] actual bit length 64 differs from formal bit length 7 for port 'burst_count_ctx2' [C:/Users/22395/project_1/project_1.srcs/sources_1/new/CADATop.v:486]
WARNING: [VRFC 10-3091] actual bit length 64 differs from formal bit length 7 for port 'burst_count_ctx1' [C:/Users/22395/project_1/project_1.srcs/sources_1/new/CADATop.v:530]
WARNING: [VRFC 10-3091] actual bit length 64 differs from formal bit length 7 for port 'burst_count_ctx2' [C:/Users/22395/project_1/project_1.srcs/sources_1/new/CADATop.v:536]
WARNING: [VRFC 10-3091] actual bit length 64 differs from formal bit length 7 for port 'burst_count_ctx1' [C:/Users/22395/project_1/project_1.srcs/sources_1/new/CADATop.v:580]
WARNING: [VRFC 10-3091] actual bit length 64 differs from formal bit length 7 for port 'burst_count_ctx2' [C:/Users/22395/project_1/project_1.srcs/sources_1/new/CADATop.v:586]
WARNING: [VRFC 10-3091] actual bit length 64 differs from formal bit length 7 for port 'burst_count_ctx1' [C:/Users/22395/project_1/project_1.srcs/sources_1/new/CADATop.v:630]
WARNING: [VRFC 10-3091] actual bit length 64 differs from formal bit length 7 for port 'burst_count_ctx2' [C:/Users/22395/project_1/project_1.srcs/sources_1/new/CADATop.v:636]
WARNING: [VRFC 10-3091] actual bit length 64 differs from formal bit length 7 for port 'burst_count_ctx1' [C:/Users/22395/project_1/project_1.srcs/sources_1/new/CADATop.v:680]
WARNING: [VRFC 10-3091] actual bit length 64 differs from formal bit length 7 for port 'burst_count_ctx2' [C:/Users/22395/project_1/project_1.srcs/sources_1/new/CADATop.v:686]
WARNING: [VRFC 10-3091] actual bit length 64 differs from formal bit length 7 for port 'burst_count_ctx1' [C:/Users/22395/project_1/project_1.srcs/sources_1/new/CADATop.v:730]
WARNING: [VRFC 10-3091] actual bit length 64 differs from formal bit length 7 for port 'burst_count_ctx2' [C:/Users/22395/project_1/project_1.srcs/sources_1/new/CADATop.v:736]
WARNING: [VRFC 10-3091] actual bit length 64 differs from formal bit length 7 for port 'burst_count_ctx1' [C:/Users/22395/project_1/project_1.srcs/sources_1/new/CADATop.v:780]
WARNING: [VRFC 10-3091] actual bit length 64 differs from formal bit length 7 for port 'burst_count_ctx2' [C:/Users/22395/project_1/project_1.srcs/sources_1/new/CADATop.v:786]
WARNING: [VRFC 10-3091] actual bit length 64 differs from formal bit length 7 for port 'burst_count_ctx1' [C:/Users/22395/project_1/project_1.srcs/sources_1/new/CADATop.v:830]
WARNING: [VRFC 10-3091] actual bit length 64 differs from formal bit length 7 for port 'burst_count_ctx2' [C:/Users/22395/project_1/project_1.srcs/sources_1/new/CADATop.v:836]
WARNING: [VRFC 10-3091] actual bit length 64 differs from formal bit length 7 for port 'burst_count_ctx1' [C:/Users/22395/project_1/project_1.srcs/sources_1/new/CADATop.v:880]
WARNING: [VRFC 10-3091] actual bit length 64 differs from formal bit length 7 for port 'burst_count_ctx2' [C:/Users/22395/project_1/project_1.srcs/sources_1/new/CADATop.v:886]
WARNING: [VRFC 10-3091] actual bit length 64 differs from formal bit length 7 for port 'burst_count_ctx1' [C:/Users/22395/project_1/project_1.srcs/sources_1/new/CADATop.v:930]
WARNING: [VRFC 10-3091] actual bit length 64 differs from formal bit length 7 for port 'burst_count_ctx2' [C:/Users/22395/project_1/project_1.srcs/sources_1/new/CADATop.v:936]
WARNING: [VRFC 10-3091] actual bit length 64 differs from formal bit length 7 for port 'burst_count_ctx1' [C:/Users/22395/project_1/project_1.srcs/sources_1/new/CADATop.v:980]
WARNING: [VRFC 10-3091] actual bit length 64 differs from formal bit length 7 for port 'burst_count_ctx2' [C:/Users/22395/project_1/project_1.srcs/sources_1/new/CADATop.v:986]
WARNING: [VRFC 10-3091] actual bit length 64 differs from formal bit length 7 for port 'burst_count_ctx1' [C:/Users/22395/project_1/project_1.srcs/sources_1/new/CADATop.v:1030]
WARNING: [VRFC 10-3091] actual bit length 64 differs from formal bit length 7 for port 'burst_count_ctx2' [C:/Users/22395/project_1/project_1.srcs/sources_1/new/CADATop.v:1036]
WARNING: [VRFC 10-3091] actual bit length 64 differs from formal bit length 7 for port 'burst_count_ctx1' [C:/Users/22395/project_1/project_1.srcs/sources_1/new/CADATop.v:1080]
WARNING: [VRFC 10-3091] actual bit length 64 differs from formal bit length 7 for port 'burst_count_ctx2' [C:/Users/22395/project_1/project_1.srcs/sources_1/new/CADATop.v:1086]
WARNING: [VRFC 10-3091] actual bit length 64 differs from formal bit length 7 for port 'burst_count_ctx1' [C:/Users/22395/project_1/project_1.srcs/sources_1/new/CADATop.v:1130]
WARNING: [VRFC 10-3091] actual bit length 64 differs from formal bit length 7 for port 'burst_count_ctx2' [C:/Users/22395/project_1/project_1.srcs/sources_1/new/CADATop.v:1136]
WARNING: [VRFC 10-3091] actual bit length 64 differs from formal bit length 7 for port 'burst_count_ctx1' [C:/Users/22395/project_1/project_1.srcs/sources_1/new/CADATop.v:1180]
WARNING: [VRFC 10-3091] actual bit length 64 differs from formal bit length 7 for port 'burst_count_ctx2' [C:/Users/22395/project_1/project_1.srcs/sources_1/new/CADATop.v:1186]
WARNING: [VRFC 10-3091] actual bit length 64 differs from formal bit length 7 for port 'burst_count_ctx1' [C:/Users/22395/project_1/project_1.srcs/sources_1/new/CADATop.v:1230]
WARNING: [VRFC 10-3091] actual bit length 64 differs from formal bit length 7 for port 'burst_count_ctx2' [C:/Users/22395/project_1/project_1.srcs/sources_1/new/CADATop.v:1236]
WARNING: [VRFC 10-3091] actual bit length 64 differs from formal bit length 7 for port 'burst_count_ctx1' [C:/Users/22395/project_1/project_1.srcs/sources_1/new/CADATop.v:1280]
WARNING: [VRFC 10-3091] actual bit length 64 differs from formal bit length 7 for port 'burst_count_ctx2' [C:/Users/22395/project_1/project_1.srcs/sources_1/new/CADATop.v:1286]
WARNING: [VRFC 10-3091] actual bit length 64 differs from formal bit length 7 for port 'burst_count_ctx1' [C:/Users/22395/project_1/project_1.srcs/sources_1/new/CADATop.v:1330]
WARNING: [VRFC 10-3091] actual bit length 64 differs from formal bit length 7 for port 'burst_count_ctx2' [C:/Users/22395/project_1/project_1.srcs/sources_1/new/CADATop.v:1336]
WARNING: [VRFC 10-3091] actual bit length 64 differs from formal bit length 7 for port 'burst_count_ctx1' [C:/Users/22395/project_1/project_1.srcs/sources_1/new/CADATop.v:1380]
WARNING: [VRFC 10-3091] actual bit length 64 differs from formal bit length 7 for port 'burst_count_ctx2' [C:/Users/22395/project_1/project_1.srcs/sources_1/new/CADATop.v:1386]
WARNING: [VRFC 10-3091] actual bit length 64 differs from formal bit length 7 for port 'burst_count_ctx1' [C:/Users/22395/project_1/project_1.srcs/sources_1/new/CADATop.v:1430]
WARNING: [VRFC 10-3091] actual bit length 64 differs from formal bit length 7 for port 'burst_count_ctx2' [C:/Users/22395/project_1/project_1.srcs/sources_1/new/CADATop.v:1436]
WARNING: [VRFC 10-3091] actual bit length 64 differs from formal bit length 7 for port 'burst_count_ctx1' [C:/Users/22395/project_1/project_1.srcs/sources_1/new/CADATop.v:1480]
WARNING: [VRFC 10-3091] actual bit length 64 differs from formal bit length 7 for port 'burst_count_ctx2' [C:/Users/22395/project_1/project_1.srcs/sources_1/new/CADATop.v:1486]
WARNING: [VRFC 10-3091] actual bit length 64 differs from formal bit length 7 for port 'burst_count_ctx1' [C:/Users/22395/project_1/project_1.srcs/sources_1/new/CADATop.v:1530]
WARNING: [VRFC 10-3091] actual bit length 64 differs from formal bit length 7 for port 'burst_count_ctx2' [C:/Users/22395/project_1/project_1.srcs/sources_1/new/CADATop.v:1536]
WARNING: [VRFC 10-3091] actual bit length 64 differs from formal bit length 7 for port 'burst_count_ctx1' [C:/Users/22395/project_1/project_1.srcs/sources_1/new/CADATop.v:1580]
WARNING: [VRFC 10-3091] actual bit length 64 differs from formal bit length 7 for port 'burst_count_ctx2' [C:/Users/22395/project_1/project_1.srcs/sources_1/new/CADATop.v:1586]
WARNING: [VRFC 10-3091] actual bit length 64 differs from formal bit length 7 for port 'burst_count_ctx1' [C:/Users/22395/project_1/project_1.srcs/sources_1/new/CADATop.v:1630]
WARNING: [VRFC 10-3091] actual bit length 64 differs from formal bit length 7 for port 'burst_count_ctx2' [C:/Users/22395/project_1/project_1.srcs/sources_1/new/CADATop.v:1636]
WARNING: [VRFC 10-3091] actual bit length 64 differs from formal bit length 7 for port 'burst_count_ctx1' [C:/Users/22395/project_1/project_1.srcs/sources_1/new/CADATop.v:1680]
WARNING: [VRFC 10-3091] actual bit length 64 differs from formal bit length 7 for port 'burst_count_ctx2' [C:/Users/22395/project_1/project_1.srcs/sources_1/new/CADATop.v:1686]
WARNING: [VRFC 10-3091] actual bit length 64 differs from formal bit length 7 for port 'burst_count_ctx1' [C:/Users/22395/project_1/project_1.srcs/sources_1/new/CADATop.v:1730]
WARNING: [VRFC 10-3091] actual bit length 64 differs from formal bit length 7 for port 'burst_count_ctx2' [C:/Users/22395/project_1/project_1.srcs/sources_1/new/CADATop.v:1736]
WARNING: [VRFC 10-3091] actual bit length 64 differs from formal bit length 7 for port 'burst_count_ctx1' [C:/Users/22395/project_1/project_1.srcs/sources_1/new/CADATop.v:1780]
WARNING: [VRFC 10-3091] actual bit length 64 differs from formal bit length 7 for port 'burst_count_ctx2' [C:/Users/22395/project_1/project_1.srcs/sources_1/new/CADATop.v:1786]
WARNING: [VRFC 10-3091] actual bit length 64 differs from formal bit length 7 for port 'burst_count_ctx1' [C:/Users/22395/project_1/project_1.srcs/sources_1/new/CADATop.v:1830]
WARNING: [VRFC 10-3091] actual bit length 64 differs from formal bit length 7 for port 'burst_count_ctx2' [C:/Users/22395/project_1/project_1.srcs/sources_1/new/CADATop.v:1836]
WARNING: [VRFC 10-3091] actual bit length 64 differs from formal bit length 7 for port 'burst_count_ctx1' [C:/Users/22395/project_1/project_1.srcs/sources_1/new/CADATop.v:1880]
WARNING: [VRFC 10-3091] actual bit length 64 differs from formal bit length 7 for port 'burst_count_ctx2' [C:/Users/22395/project_1/project_1.srcs/sources_1/new/CADATop.v:1886]
WARNING: [VRFC 10-3091] actual bit length 64 differs from formal bit length 7 for port 'burst_count_ctx1' [C:/Users/22395/project_1/project_1.srcs/sources_1/new/CADATop.v:1930]
WARNING: [VRFC 10-3091] actual bit length 64 differs from formal bit length 7 for port 'burst_count_ctx2' [C:/Users/22395/project_1/project_1.srcs/sources_1/new/CADATop.v:1936]
WARNING: [VRFC 10-3091] actual bit length 64 differs from formal bit length 7 for port 'burst_count_ctx1' [C:/Users/22395/project_1/project_1.srcs/sources_1/new/CADATop.v:1980]
WARNING: [VRFC 10-3091] actual bit length 64 differs from formal bit length 7 for port 'burst_count_ctx2' [C:/Users/22395/project_1/project_1.srcs/sources_1/new/CADATop.v:1986]
WARNING: [VRFC 10-3091] actual bit length 64 differs from formal bit length 7 for port 'burst_count_ctx1' [C:/Users/22395/project_1/project_1.srcs/sources_1/new/CADATop.v:2030]
WARNING: [VRFC 10-3091] actual bit length 64 differs from formal bit length 7 for port 'burst_count_ctx2' [C:/Users/22395/project_1/project_1.srcs/sources_1/new/CADATop.v:2036]
WARNING: [VRFC 10-3091] actual bit length 64 differs from formal bit length 7 for port 'burst_count_ctx1' [C:/Users/22395/project_1/project_1.srcs/sources_1/new/CADATop.v:2080]
WARNING: [VRFC 10-3091] actual bit length 64 differs from formal bit length 7 for port 'burst_count_ctx2' [C:/Users/22395/project_1/project_1.srcs/sources_1/new/CADATop.v:2086]
WARNING: [VRFC 10-3091] actual bit length 64 differs from formal bit length 7 for port 'burst_count_ctx1' [C:/Users/22395/project_1/project_1.srcs/sources_1/new/CADATop.v:2130]
WARNING: [VRFC 10-3091] actual bit length 64 differs from formal bit length 7 for port 'burst_count_ctx2' [C:/Users/22395/project_1/project_1.srcs/sources_1/new/CADATop.v:2136]
WARNING: [VRFC 10-3091] actual bit length 64 differs from formal bit length 7 for port 'burst_count_ctx1' [C:/Users/22395/project_1/project_1.srcs/sources_1/new/CADATop.v:2180]
WARNING: [VRFC 10-3091] actual bit length 64 differs from formal bit length 7 for port 'burst_count_ctx2' [C:/Users/22395/project_1/project_1.srcs/sources_1/new/CADATop.v:2186]
WARNING: [VRFC 10-3091] actual bit length 64 differs from formal bit length 7 for port 'burst_count_ctx1' [C:/Users/22395/project_1/project_1.srcs/sources_1/new/CADATop.v:2230]
WARNING: [VRFC 10-3091] actual bit length 64 differs from formal bit length 7 for port 'burst_count_ctx2' [C:/Users/22395/project_1/project_1.srcs/sources_1/new/CADATop.v:2236]
WARNING: [VRFC 10-3091] actual bit length 64 differs from formal bit length 7 for port 'burst_count_ctx1' [C:/Users/22395/project_1/project_1.srcs/sources_1/new/CADATop.v:2280]
WARNING: [VRFC 10-3091] actual bit length 64 differs from formal bit length 7 for port 'burst_count_ctx2' [C:/Users/22395/project_1/project_1.srcs/sources_1/new/CADATop.v:2286]
WARNING: [VRFC 10-3091] actual bit length 64 differs from formal bit length 7 for port 'burst_count_ctx1' [C:/Users/22395/project_1/project_1.srcs/sources_1/new/CADATop.v:2330]
WARNING: [VRFC 10-3091] actual bit length 64 differs from formal bit length 7 for port 'burst_count_ctx2' [C:/Users/22395/project_1/project_1.srcs/sources_1/new/CADATop.v:2336]
WARNING: [VRFC 10-3091] actual bit length 64 differs from formal bit length 7 for port 'burst_count_ctx1' [C:/Users/22395/project_1/project_1.srcs/sources_1/new/CADATop.v:2380]
WARNING: [VRFC 10-3091] actual bit length 64 differs from formal bit length 7 for port 'burst_count_ctx2' [C:/Users/22395/project_1/project_1.srcs/sources_1/new/CADATop.v:2386]
WARNING: [VRFC 10-3091] actual bit length 64 differs from formal bit length 7 for port 'burst_count_ctx1' [C:/Users/22395/project_1/project_1.srcs/sources_1/new/CADATop.v:2430]
WARNING: [VRFC 10-3091] actual bit length 64 differs from formal bit length 7 for port 'burst_count_ctx2' [C:/Users/22395/project_1/project_1.srcs/sources_1/new/CADATop.v:2436]
WARNING: [VRFC 10-3091] actual bit length 64 differs from formal bit length 7 for port 'burst_count_ctx1' [C:/Users/22395/project_1/project_1.srcs/sources_1/new/CADATop.v:2480]
WARNING: [VRFC 10-3091] actual bit length 64 differs from formal bit length 7 for port 'burst_count_ctx2' [C:/Users/22395/project_1/project_1.srcs/sources_1/new/CADATop.v:2486]
WARNING: [VRFC 10-3091] actual bit length 64 differs from formal bit length 7 for port 'burst_count_ctx1' [C:/Users/22395/project_1/project_1.srcs/sources_1/new/CADATop.v:2530]
WARNING: [VRFC 10-3091] actual bit length 64 differs from formal bit length 7 for port 'burst_count_ctx2' [C:/Users/22395/project_1/project_1.srcs/sources_1/new/CADATop.v:2536]
WARNING: [VRFC 10-3091] actual bit length 64 differs from formal bit length 7 for port 'burst_count_ctx1' [C:/Users/22395/project_1/project_1.srcs/sources_1/new/CADATop.v:2580]
WARNING: [VRFC 10-3091] actual bit length 64 differs from formal bit length 7 for port 'burst_count_ctx2' [C:/Users/22395/project_1/project_1.srcs/sources_1/new/CADATop.v:2586]
WARNING: [VRFC 10-3091] actual bit length 64 differs from formal bit length 7 for port 'burst_count_ctx1' [C:/Users/22395/project_1/project_1.srcs/sources_1/new/CADATop.v:2630]
WARNING: [VRFC 10-3091] actual bit length 64 differs from formal bit length 7 for port 'burst_count_ctx2' [C:/Users/22395/project_1/project_1.srcs/sources_1/new/CADATop.v:2636]
WARNING: [VRFC 10-3091] actual bit length 64 differs from formal bit length 7 for port 'burst_count_ctx1' [C:/Users/22395/project_1/project_1.srcs/sources_1/new/CADATop.v:2680]
WARNING: [VRFC 10-3091] actual bit length 64 differs from formal bit length 7 for port 'burst_count_ctx2' [C:/Users/22395/project_1/project_1.srcs/sources_1/new/CADATop.v:2686]
WARNING: [VRFC 10-3091] actual bit length 64 differs from formal bit length 7 for port 'burst_count_ctx1' [C:/Users/22395/project_1/project_1.srcs/sources_1/new/CADATop.v:2730]
WARNING: [VRFC 10-3091] actual bit length 64 differs from formal bit length 7 for port 'burst_count_ctx2' [C:/Users/22395/project_1/project_1.srcs/sources_1/new/CADATop.v:2736]
WARNING: [VRFC 10-3091] actual bit length 64 differs from formal bit length 7 for port 'burst_count_ctx1' [C:/Users/22395/project_1/project_1.srcs/sources_1/new/CADATop.v:2780]
WARNING: [VRFC 10-3091] actual bit length 64 differs from formal bit length 7 for port 'burst_count_ctx2' [C:/Users/22395/project_1/project_1.srcs/sources_1/new/CADATop.v:2786]
WARNING: [VRFC 10-3091] actual bit length 64 differs from formal bit length 7 for port 'burst_count_ctx1' [C:/Users/22395/project_1/project_1.srcs/sources_1/new/CADATop.v:2830]
WARNING: [VRFC 10-3091] actual bit length 64 differs from formal bit length 7 for port 'burst_count_ctx2' [C:/Users/22395/project_1/project_1.srcs/sources_1/new/CADATop.v:2836]
WARNING: [VRFC 10-3091] actual bit length 64 differs from formal bit length 7 for port 'burst_count_ctx1' [C:/Users/22395/project_1/project_1.srcs/sources_1/new/CADATop.v:2880]
WARNING: [VRFC 10-3091] actual bit length 64 differs from formal bit length 7 for port 'burst_count_ctx2' [C:/Users/22395/project_1/project_1.srcs/sources_1/new/CADATop.v:2886]
WARNING: [VRFC 10-3091] actual bit length 64 differs from formal bit length 7 for port 'burst_count_ctx1' [C:/Users/22395/project_1/project_1.srcs/sources_1/new/CADATop.v:2930]
WARNING: [VRFC 10-3091] actual bit length 64 differs from formal bit length 7 for port 'burst_count_ctx2' [C:/Users/22395/project_1/project_1.srcs/sources_1/new/CADATop.v:2936]
WARNING: [VRFC 10-3091] actual bit length 64 differs from formal bit length 7 for port 'burst_count_ctx1' [C:/Users/22395/project_1/project_1.srcs/sources_1/new/CADATop.v:2980]
WARNING: [VRFC 10-3091] actual bit length 64 differs from formal bit length 7 for port 'burst_count_ctx2' [C:/Users/22395/project_1/project_1.srcs/sources_1/new/CADATop.v:2986]
WARNING: [VRFC 10-3091] actual bit length 64 differs from formal bit length 7 for port 'burst_count_ctx1' [C:/Users/22395/project_1/project_1.srcs/sources_1/new/CADATop.v:3030]
WARNING: [VRFC 10-3091] actual bit length 64 differs from formal bit length 7 for port 'burst_count_ctx2' [C:/Users/22395/project_1/project_1.srcs/sources_1/new/CADATop.v:3036]
WARNING: [VRFC 10-3091] actual bit length 64 differs from formal bit length 7 for port 'burst_count_ctx1' [C:/Users/22395/project_1/project_1.srcs/sources_1/new/CADATop.v:3080]
WARNING: [VRFC 10-3091] actual bit length 64 differs from formal bit length 7 for port 'burst_count_ctx2' [C:/Users/22395/project_1/project_1.srcs/sources_1/new/CADATop.v:3086]
WARNING: [VRFC 10-3091] actual bit length 64 differs from formal bit length 7 for port 'burst_count_ctx1' [C:/Users/22395/project_1/project_1.srcs/sources_1/new/CADATop.v:3130]
WARNING: [VRFC 10-3091] actual bit length 64 differs from formal bit length 7 for port 'burst_count_ctx2' [C:/Users/22395/project_1/project_1.srcs/sources_1/new/CADATop.v:3136]
WARNING: [VRFC 10-3091] actual bit length 64 differs from formal bit length 7 for port 'burst_count_ctx1' [C:/Users/22395/project_1/project_1.srcs/sources_1/new/CADATop.v:3180]
WARNING: [VRFC 10-3091] actual bit length 64 differs from formal bit length 7 for port 'burst_count_ctx2' [C:/Users/22395/project_1/project_1.srcs/sources_1/new/CADATop.v:3186]
WARNING: [VRFC 10-3091] actual bit length 64 differs from formal bit length 7 for port 'burst_count_ctx1' [C:/Users/22395/project_1/project_1.srcs/sources_1/new/CADATop.v:3230]
WARNING: [VRFC 10-3091] actual bit length 64 differs from formal bit length 7 for port 'burst_count_ctx2' [C:/Users/22395/project_1/project_1.srcs/sources_1/new/CADATop.v:3236]
WARNING: [VRFC 10-3091] actual bit length 64 differs from formal bit length 7 for port 'burst_count_ctx1' [C:/Users/22395/project_1/project_1.srcs/sources_1/new/CADATop.v:3280]
WARNING: [VRFC 10-3091] actual bit length 64 differs from formal bit length 7 for port 'burst_count_ctx2' [C:/Users/22395/project_1/project_1.srcs/sources_1/new/CADATop.v:3286]
WARNING: [VRFC 10-3091] actual bit length 64 differs from formal bit length 7 for port 'burst_count_ctx1' [C:/Users/22395/project_1/project_1.srcs/sources_1/new/CADATop.v:3330]
WARNING: [VRFC 10-3091] actual bit length 64 differs from formal bit length 7 for port 'burst_count_ctx2' [C:/Users/22395/project_1/project_1.srcs/sources_1/new/CADATop.v:3336]
WARNING: [VRFC 10-3091] actual bit length 64 differs from formal bit length 7 for port 'burst_count_ctx1' [C:/Users/22395/project_1/project_1.srcs/sources_1/new/CADATop.v:3380]
WARNING: [VRFC 10-3091] actual bit length 64 differs from formal bit length 7 for port 'burst_count_ctx2' [C:/Users/22395/project_1/project_1.srcs/sources_1/new/CADATop.v:3386]
WARNING: [VRFC 10-3091] actual bit length 64 differs from formal bit length 7 for port 'burst_count_ctx1' [C:/Users/22395/project_1/project_1.srcs/sources_1/new/CADATop.v:3430]
WARNING: [VRFC 10-3091] actual bit length 64 differs from formal bit length 7 for port 'burst_count_ctx2' [C:/Users/22395/project_1/project_1.srcs/sources_1/new/CADATop.v:3436]
WARNING: [VRFC 10-3091] actual bit length 64 differs from formal bit length 7 for port 'burst_count_ctx1' [C:/Users/22395/project_1/project_1.srcs/sources_1/new/CADATop.v:3480]
WARNING: [VRFC 10-3091] actual bit length 64 differs from formal bit length 7 for port 'burst_count_ctx2' [C:/Users/22395/project_1/project_1.srcs/sources_1/new/CADATop.v:3486]
WARNING: [VRFC 10-3091] actual bit length 64 differs from formal bit length 7 for port 'burst_count_ctx1' [C:/Users/22395/project_1/project_1.srcs/sources_1/new/CADATop.v:3530]
WARNING: [VRFC 10-3091] actual bit length 64 differs from formal bit length 7 for port 'burst_count_ctx2' [C:/Users/22395/project_1/project_1.srcs/sources_1/new/CADATop.v:3536]
WARNING: [VRFC 10-3091] actual bit length 64 differs from formal bit length 7 for port 'burst_count_ctx1' [C:/Users/22395/project_1/project_1.srcs/sources_1/new/CADATop.v:3580]
WARNING: [VRFC 10-3091] actual bit length 64 differs from formal bit length 7 for port 'burst_count_ctx2' [C:/Users/22395/project_1/project_1.srcs/sources_1/new/CADATop.v:3586]
WARNING: [VRFC 10-3091] actual bit length 64 differs from formal bit length 7 for port 'burst_count_ctx1' [C:/Users/22395/project_1/project_1.srcs/sources_1/new/CADATop.v:3630]
WARNING: [VRFC 10-3091] actual bit length 64 differs from formal bit length 7 for port 'burst_count_ctx2' [C:/Users/22395/project_1/project_1.srcs/sources_1/new/CADATop.v:3636]
WARNING: [VRFC 10-3091] actual bit length 64 differs from formal bit length 7 for port 'burst_count_ctx1' [C:/Users/22395/project_1/project_1.srcs/sources_1/new/CADATop.v:3680]
WARNING: [VRFC 10-3091] actual bit length 64 differs from formal bit length 7 for port 'burst_count_ctx2' [C:/Users/22395/project_1/project_1.srcs/sources_1/new/CADATop.v:3686]
WARNING: [VRFC 10-3091] actual bit length 64 differs from formal bit length 7 for port 'burst_count_ctx1' [C:/Users/22395/project_1/project_1.srcs/sources_1/new/CADATop.v:3730]
WARNING: [VRFC 10-3091] actual bit length 64 differs from formal bit length 7 for port 'burst_count_ctx2' [C:/Users/22395/project_1/project_1.srcs/sources_1/new/CADATop.v:3736]
WARNING: [VRFC 10-3091] actual bit length 64 differs from formal bit length 7 for port 'burst_count_ctx1' [C:/Users/22395/project_1/project_1.srcs/sources_1/new/CADATop.v:3780]
WARNING: [VRFC 10-3091] actual bit length 64 differs from formal bit length 7 for port 'burst_count_ctx2' [C:/Users/22395/project_1/project_1.srcs/sources_1/new/CADATop.v:3786]
WARNING: [VRFC 10-3091] actual bit length 64 differs from formal bit length 7 for port 'burst_count_ctx1' [C:/Users/22395/project_1/project_1.srcs/sources_1/new/CADATop.v:3830]
WARNING: [VRFC 10-3091] actual bit length 64 differs from formal bit length 7 for port 'burst_count_ctx2' [C:/Users/22395/project_1/project_1.srcs/sources_1/new/CADATop.v:3836]
WARNING: [VRFC 10-3091] actual bit length 64 differs from formal bit length 7 for port 'burst_count_ctx1' [C:/Users/22395/project_1/project_1.srcs/sources_1/new/CADATop.v:3880]
WARNING: [VRFC 10-3091] actual bit length 64 differs from formal bit length 7 for port 'burst_count_ctx2' [C:/Users/22395/project_1/project_1.srcs/sources_1/new/CADATop.v:3886]
WARNING: [VRFC 10-3091] actual bit length 64 differs from formal bit length 7 for port 'burst_count_ctx1' [C:/Users/22395/project_1/project_1.srcs/sources_1/new/CADATop.v:3930]
WARNING: [VRFC 10-3091] actual bit length 64 differs from formal bit length 7 for port 'burst_count_ctx2' [C:/Users/22395/project_1/project_1.srcs/sources_1/new/CADATop.v:3936]
WARNING: [VRFC 10-3091] actual bit length 64 differs from formal bit length 7 for port 'burst_count_ctx1' [C:/Users/22395/project_1/project_1.srcs/sources_1/new/CADATop.v:3980]
WARNING: [VRFC 10-3091] actual bit length 64 differs from formal bit length 7 for port 'burst_count_ctx2' [C:/Users/22395/project_1/project_1.srcs/sources_1/new/CADATop.v:3986]
WARNING: [VRFC 10-3091] actual bit length 64 differs from formal bit length 7 for port 'burst_count_ctx1' [C:/Users/22395/project_1/project_1.srcs/sources_1/new/CADATop.v:4030]
WARNING: [VRFC 10-3091] actual bit length 64 differs from formal bit length 7 for port 'burst_count_ctx2' [C:/Users/22395/project_1/project_1.srcs/sources_1/new/CADATop.v:4036]
WARNING: [VRFC 10-3091] actual bit length 64 differs from formal bit length 7 for port 'burst_count_ctx1' [C:/Users/22395/project_1/project_1.srcs/sources_1/new/CADATop.v:4080]
WARNING: [VRFC 10-3091] actual bit length 64 differs from formal bit length 7 for port 'burst_count_ctx2' [C:/Users/22395/project_1/project_1.srcs/sources_1/new/CADATop.v:4086]
WARNING: [VRFC 10-3091] actual bit length 64 differs from formal bit length 7 for port 'burst_count_ctx1' [C:/Users/22395/project_1/project_1.srcs/sources_1/new/CADATop.v:4130]
WARNING: [VRFC 10-3091] actual bit length 64 differs from formal bit length 7 for port 'burst_count_ctx2' [C:/Users/22395/project_1/project_1.srcs/sources_1/new/CADATop.v:4136]
WARNING: [VRFC 10-3091] actual bit length 64 differs from formal bit length 7 for port 'burst_count_ctx1' [C:/Users/22395/project_1/project_1.srcs/sources_1/new/CADATop.v:4180]
WARNING: [VRFC 10-3091] actual bit length 64 differs from formal bit length 7 for port 'burst_count_ctx2' [C:/Users/22395/project_1/project_1.srcs/sources_1/new/CADATop.v:4186]
WARNING: [VRFC 10-3091] actual bit length 64 differs from formal bit length 7 for port 'burst_count_ctx1' [C:/Users/22395/project_1/project_1.srcs/sources_1/new/CADATop.v:4230]
WARNING: [VRFC 10-3091] actual bit length 64 differs from formal bit length 7 for port 'burst_count_ctx2' [C:/Users/22395/project_1/project_1.srcs/sources_1/new/CADATop.v:4236]
WARNING: [VRFC 10-3091] actual bit length 64 differs from formal bit length 7 for port 'burst_count_ctx1' [C:/Users/22395/project_1/project_1.srcs/sources_1/new/CADATop.v:4280]
WARNING: [VRFC 10-3091] actual bit length 64 differs from formal bit length 7 for port 'burst_count_ctx2' [C:/Users/22395/project_1/project_1.srcs/sources_1/new/CADATop.v:4286]
WARNING: [VRFC 10-3091] actual bit length 64 differs from formal bit length 7 for port 'burst_count_ctx1' [C:/Users/22395/project_1/project_1.srcs/sources_1/new/CADATop.v:4330]
WARNING: [VRFC 10-3091] actual bit length 64 differs from formal bit length 7 for port 'burst_count_ctx2' [C:/Users/22395/project_1/project_1.srcs/sources_1/new/CADATop.v:4336]
WARNING: [VRFC 10-3091] actual bit length 64 differs from formal bit length 7 for port 'burst_count_ctx1' [C:/Users/22395/project_1/project_1.srcs/sources_1/new/CADATop.v:4380]
WARNING: [VRFC 10-3091] actual bit length 64 differs from formal bit length 7 for port 'burst_count_ctx2' [C:/Users/22395/project_1/project_1.srcs/sources_1/new/CADATop.v:4386]
WARNING: [VRFC 10-3091] actual bit length 64 differs from formal bit length 7 for port 'burst_count_ctx1' [C:/Users/22395/project_1/project_1.srcs/sources_1/new/CADATop.v:4430]
WARNING: [VRFC 10-3091] actual bit length 64 differs from formal bit length 7 for port 'burst_count_ctx2' [C:/Users/22395/project_1/project_1.srcs/sources_1/new/CADATop.v:4436]
WARNING: [VRFC 10-3091] actual bit length 64 differs from formal bit length 7 for port 'burst_count_ctx1' [C:/Users/22395/project_1/project_1.srcs/sources_1/new/CADATop.v:4480]
WARNING: [VRFC 10-3091] actual bit length 64 differs from formal bit length 7 for port 'burst_count_ctx2' [C:/Users/22395/project_1/project_1.srcs/sources_1/new/CADATop.v:4486]
WARNING: [VRFC 10-3091] actual bit length 64 differs from formal bit length 7 for port 'burst_count_ctx1' [C:/Users/22395/project_1/project_1.srcs/sources_1/new/CADATop.v:4530]
WARNING: [VRFC 10-3091] actual bit length 64 differs from formal bit length 7 for port 'burst_count_ctx2' [C:/Users/22395/project_1/project_1.srcs/sources_1/new/CADATop.v:4536]
WARNING: [VRFC 10-3091] actual bit length 64 differs from formal bit length 7 for port 'burst_count_ctx1' [C:/Users/22395/project_1/project_1.srcs/sources_1/new/CADATop.v:4580]
WARNING: [VRFC 10-3091] actual bit length 64 differs from formal bit length 7 for port 'burst_count_ctx2' [C:/Users/22395/project_1/project_1.srcs/sources_1/new/CADATop.v:4586]
WARNING: [VRFC 10-3091] actual bit length 64 differs from formal bit length 7 for port 'burst_count_ctx1' [C:/Users/22395/project_1/project_1.srcs/sources_1/new/CADATop.v:4630]
WARNING: [VRFC 10-3091] actual bit length 64 differs from formal bit length 7 for port 'burst_count_ctx2' [C:/Users/22395/project_1/project_1.srcs/sources_1/new/CADATop.v:4636]
WARNING: [VRFC 10-3091] actual bit length 64 differs from formal bit length 7 for port 'burst_count_ctx1' [C:/Users/22395/project_1/project_1.srcs/sources_1/new/CADATop.v:4680]
WARNING: [VRFC 10-3091] actual bit length 64 differs from formal bit length 7 for port 'burst_count_ctx2' [C:/Users/22395/project_1/project_1.srcs/sources_1/new/CADATop.v:4686]
WARNING: [VRFC 10-3091] actual bit length 64 differs from formal bit length 7 for port 'burst_count_ctx1' [C:/Users/22395/project_1/project_1.srcs/sources_1/new/CADATop.v:4730]
WARNING: [VRFC 10-3091] actual bit length 64 differs from formal bit length 7 for port 'burst_count_ctx2' [C:/Users/22395/project_1/project_1.srcs/sources_1/new/CADATop.v:4736]
WARNING: [VRFC 10-3091] actual bit length 64 differs from formal bit length 7 for port 'burst_count_ctx1' [C:/Users/22395/project_1/project_1.srcs/sources_1/new/CADATop.v:4780]
WARNING: [VRFC 10-3091] actual bit length 64 differs from formal bit length 7 for port 'burst_count_ctx2' [C:/Users/22395/project_1/project_1.srcs/sources_1/new/CADATop.v:4786]
WARNING: [VRFC 10-3091] actual bit length 64 differs from formal bit length 7 for port 'burst_count_ctx1' [C:/Users/22395/project_1/project_1.srcs/sources_1/new/CADATop.v:4830]
WARNING: [VRFC 10-3091] actual bit length 64 differs from formal bit length 7 for port 'burst_count_ctx2' [C:/Users/22395/project_1/project_1.srcs/sources_1/new/CADATop.v:4836]
WARNING: [VRFC 10-3091] actual bit length 64 differs from formal bit length 7 for port 'burst_count_ctx1' [C:/Users/22395/project_1/project_1.srcs/sources_1/new/CADATop.v:4880]
WARNING: [VRFC 10-3091] actual bit length 64 differs from formal bit length 7 for port 'burst_count_ctx2' [C:/Users/22395/project_1/project_1.srcs/sources_1/new/CADATop.v:4886]
WARNING: [VRFC 10-3091] actual bit length 64 differs from formal bit length 7 for port 'burst_count_ctx1' [C:/Users/22395/project_1/project_1.srcs/sources_1/new/CADATop.v:4930]
WARNING: [VRFC 10-3091] actual bit length 64 differs from formal bit length 7 for port 'burst_count_ctx2' [C:/Users/22395/project_1/project_1.srcs/sources_1/new/CADATop.v:4936]
WARNING: [VRFC 10-3091] actual bit length 64 differs from formal bit length 7 for port 'burst_count_ctx1' [C:/Users/22395/project_1/project_1.srcs/sources_1/new/CADATop.v:4980]
WARNING: [VRFC 10-3091] actual bit length 64 differs from formal bit length 7 for port 'burst_count_ctx2' [C:/Users/22395/project_1/project_1.srcs/sources_1/new/CADATop.v:4986]
WARNING: [VRFC 10-3091] actual bit length 64 differs from formal bit length 7 for port 'burst_count_ctx1' [C:/Users/22395/project_1/project_1.srcs/sources_1/new/CADATop.v:5030]
WARNING: [VRFC 10-3091] actual bit length 64 differs from formal bit length 7 for port 'burst_count_ctx2' [C:/Users/22395/project_1/project_1.srcs/sources_1/new/CADATop.v:5036]
WARNING: [VRFC 10-3091] actual bit length 64 differs from formal bit length 7 for port 'burst_count_ctx1' [C:/Users/22395/project_1/project_1.srcs/sources_1/new/CADATop.v:5080]
WARNING: [VRFC 10-3091] actual bit length 64 differs from formal bit length 7 for port 'burst_count_ctx2' [C:/Users/22395/project_1/project_1.srcs/sources_1/new/CADATop.v:5086]
WARNING: [VRFC 10-3091] actual bit length 64 differs from formal bit length 7 for port 'burst_count_ctx1' [C:/Users/22395/project_1/project_1.srcs/sources_1/new/CADATop.v:5130]
WARNING: [VRFC 10-3091] actual bit length 64 differs from formal bit length 7 for port 'burst_count_ctx2' [C:/Users/22395/project_1/project_1.srcs/sources_1/new/CADATop.v:5136]
WARNING: [VRFC 10-3091] actual bit length 64 differs from formal bit length 7 for port 'burst_count_ctx1' [C:/Users/22395/project_1/project_1.srcs/sources_1/new/CADATop.v:5180]
WARNING: [VRFC 10-3091] actual bit length 64 differs from formal bit length 7 for port 'burst_count_ctx2' [C:/Users/22395/project_1/project_1.srcs/sources_1/new/CADATop.v:5186]
WARNING: [VRFC 10-3091] actual bit length 64 differs from formal bit length 7 for port 'burst_count_ctx1' [C:/Users/22395/project_1/project_1.srcs/sources_1/new/CADATop.v:5230]
WARNING: [VRFC 10-3091] actual bit length 64 differs from formal bit length 7 for port 'burst_count_ctx2' [C:/Users/22395/project_1/project_1.srcs/sources_1/new/CADATop.v:5236]
WARNING: [VRFC 10-3091] actual bit length 64 differs from formal bit length 7 for port 'burst_count_ctx1' [C:/Users/22395/project_1/project_1.srcs/sources_1/new/CADATop.v:5280]
WARNING: [VRFC 10-3091] actual bit length 64 differs from formal bit length 7 for port 'burst_count_ctx2' [C:/Users/22395/project_1/project_1.srcs/sources_1/new/CADATop.v:5286]
WARNING: [VRFC 10-3091] actual bit length 64 differs from formal bit length 7 for port 'burst_count_ctx1' [C:/Users/22395/project_1/project_1.srcs/sources_1/new/CADATop.v:5330]
WARNING: [VRFC 10-3091] actual bit length 64 differs from formal bit length 7 for port 'burst_count_ctx2' [C:/Users/22395/project_1/project_1.srcs/sources_1/new/CADATop.v:5336]
WARNING: [VRFC 10-3091] actual bit length 64 differs from formal bit length 7 for port 'burst_count_ctx1' [C:/Users/22395/project_1/project_1.srcs/sources_1/new/CADATop.v:5380]
WARNING: [VRFC 10-3091] actual bit length 64 differs from formal bit length 7 for port 'burst_count_ctx2' [C:/Users/22395/project_1/project_1.srcs/sources_1/new/CADATop.v:5386]
WARNING: [VRFC 10-3091] actual bit length 64 differs from formal bit length 7 for port 'burst_count_ctx1' [C:/Users/22395/project_1/project_1.srcs/sources_1/new/CADATop.v:5430]
WARNING: [VRFC 10-3091] actual bit length 64 differs from formal bit length 7 for port 'burst_count_ctx2' [C:/Users/22395/project_1/project_1.srcs/sources_1/new/CADATop.v:5436]
WARNING: [VRFC 10-3091] actual bit length 200 differs from formal bit length 6 for port 'burst_count_ctx1' [C:/Users/22395/project_1/project_1.srcs/sources_1/new/CADATop.v:5480]
WARNING: [VRFC 10-3091] actual bit length 200 differs from formal bit length 6 for port 'burst_count_ctx2' [C:/Users/22395/project_1/project_1.srcs/sources_1/new/CADATop.v:5486]
Completed static elaboration
Starting simulation data flow analysis
Completed simulation data flow analysis
Time Resolution for simulation is 1ps
Compiling module xil_defaultlib.HA_Reg(DataIn_1_BW=3,DataOut_1_B...
Compiling module xil_defaultlib.HA_Reg(DataIn_1_BW=4,DataOut_1_B...
Compiling module xil_defaultlib.HA_Reg(DataIn_1_BW=16,DataOut_1_...
Compiling module xil_defaultlib.HA_Reg(DataIn_1_BW=36,DataOut_1_...
Compiling module xil_defaultlib.CADA_IN(DataIn_1_BW=32,DataIn_2_...
Compiling module xil_defaultlib.HA_OW(DataIn_1_BW=32,DataOut_1_B...
Compiling module xil_defaultlib.HA_Reg(DataIn_1_BW=32,DataOut_1_...
Compiling module xil_defaultlib.CADA_ADD(DataIn_1_BW=32,DataIn_2...
Compiling module xil_defaultlib.CADA_Mult(DataIn_1_BW=32,DataIn_...
Compiling module xil_defaultlib.HA_2IM(Mux_BW=32)
Compiling module xil_defaultlib.HA_CReg(Inst_BW=3)
Compiling module xil_defaultlib.DSE_Solution_L0
Compiling module xil_defaultlib.HA_INW(DataIn_1_BW=32,DataOut_1_...
Compiling module xil_defaultlib.HA_TW(DataIn_1_BW=32,DataOut_1_B...
Compiling module xil_defaultlib.DSE_Solution_L1
Compiling module xil_defaultlib.DSE_Solution_L2
Compiling module xil_defaultlib.DSE_Solution_L3
Compiling module xil_defaultlib.DSE_Solution_L4
Compiling module xil_defaultlib.DSE_Solution_L5
Compiling module xil_defaultlib.VSTop
Compiling module xil_defaultlib.HA_4IM(Mux_BW=32)
Compiling module xil_defaultlib.ArrayTop
Compiling module xil_defaultlib.CADA_TDP_MemControlBurst(DATA_WI...
Compiling module xil_defaultlib.CADA_TDP_MemControlBurst(DATA_WI...
Compiling module xil_defaultlib.HA_10IM(Mux_BW=32)
Compiling module xil_defaultlib.CGRATop
Compiling module xil_defaultlib.CADABD_CGRATop_0_0
Compiling module xil_defaultlib.MEMDock
Compiling module xil_defaultlib.CADABD_MEMDock_0_0
Compiling module blk_mem_gen_v8_4_7.blk_mem_gen_v8_4_7_output_stage(...
Compiling module blk_mem_gen_v8_4_7.blk_mem_gen_v8_4_7_softecc_outpu...
Compiling module blk_mem_gen_v8_4_7.blk_mem_gen_v8_4_7_mem_module(C_...
Compiling module blk_mem_gen_v8_4_7.blk_mem_axi_regs_fwd_v8_4(C_DATA...
Compiling module blk_mem_gen_v8_4_7.blk_mem_gen_v8_4_7(C_FAMILY="zyn...
Compiling module xil_defaultlib.CADABD_blk_mem_gen_0_0
Compiling module xil_defaultlib.CADABD_blk_mem_gen_1_0
Compiling module xil_defaultlib.CADABD_blk_mem_gen_10_0
Compiling module xil_defaultlib.CADABD_blk_mem_gen_100_0
Compiling module xil_defaultlib.CADABD_blk_mem_gen_101_0
Compiling module xil_defaultlib.CADABD_blk_mem_gen_102_0
Compiling module xil_defaultlib.CADABD_blk_mem_gen_103_0
Compiling module xil_defaultlib.CADABD_blk_mem_gen_104_0
Compiling module xil_defaultlib.CADABD_blk_mem_gen_105_0
Compiling module xil_defaultlib.CADABD_blk_mem_gen_106_0
Compiling module xil_defaultlib.CADABD_blk_mem_gen_107_0
Compiling module blk_mem_gen_v8_4_7.blk_mem_gen_v8_4_7_output_stage(...
Compiling module blk_mem_gen_v8_4_7.blk_mem_gen_v8_4_7_softecc_outpu...
Compiling module blk_mem_gen_v8_4_7.blk_mem_gen_v8_4_7_mem_module(C_...
Compiling module blk_mem_gen_v8_4_7.blk_mem_gen_v8_4_7(C_FAMILY="zyn...
Compiling module xil_defaultlib.CADABD_blk_mem_gen_108_0
Compiling module xil_defaultlib.CADABD_blk_mem_gen_11_0
Compiling module xil_defaultlib.CADABD_blk_mem_gen_12_0
Compiling module xil_defaultlib.CADABD_blk_mem_gen_13_0
Compiling module xil_defaultlib.CADABD_blk_mem_gen_14_0
Compiling module xil_defaultlib.CADABD_blk_mem_gen_15_0
Compiling module xil_defaultlib.CADABD_blk_mem_gen_16_0
Compiling module xil_defaultlib.CADABD_blk_mem_gen_17_0
Compiling module xil_defaultlib.CADABD_blk_mem_gen_18_0
Compiling module xil_defaultlib.CADABD_blk_mem_gen_19_0
Compiling module xil_defaultlib.CADABD_blk_mem_gen_2_0
Compiling module xil_defaultlib.CADABD_blk_mem_gen_20_0
Compiling module xil_defaultlib.CADABD_blk_mem_gen_21_0
Compiling module xil_defaultlib.CADABD_blk_mem_gen_22_0
Compiling module xil_defaultlib.CADABD_blk_mem_gen_23_0
Compiling module xil_defaultlib.CADABD_blk_mem_gen_24_0
Compiling module xil_defaultlib.CADABD_blk_mem_gen_25_0
Compiling module xil_defaultlib.CADABD_blk_mem_gen_26_0
Compiling module xil_defaultlib.CADABD_blk_mem_gen_27_0
Compiling module xil_defaultlib.CADABD_blk_mem_gen_28_0
Compiling module xil_defaultlib.CADABD_blk_mem_gen_29_0
Compiling module xil_defaultlib.CADABD_blk_mem_gen_3_0
Compiling module xil_defaultlib.CADABD_blk_mem_gen_30_0
Compiling module xil_defaultlib.CADABD_blk_mem_gen_31_0
Compiling module xil_defaultlib.CADABD_blk_mem_gen_32_0
Compiling module xil_defaultlib.CADABD_blk_mem_gen_33_0
Compiling module xil_defaultlib.CADABD_blk_mem_gen_34_0
Compiling module xil_defaultlib.CADABD_blk_mem_gen_35_0
Compiling module xil_defaultlib.CADABD_blk_mem_gen_36_0
Compiling module xil_defaultlib.CADABD_blk_mem_gen_37_0
Compiling module xil_defaultlib.CADABD_blk_mem_gen_38_0
Compiling module xil_defaultlib.CADABD_blk_mem_gen_39_0
Compiling module xil_defaultlib.CADABD_blk_mem_gen_4_0
Compiling module xil_defaultlib.CADABD_blk_mem_gen_40_0
Compiling module xil_defaultlib.CADABD_blk_mem_gen_41_0
Compiling module xil_defaultlib.CADABD_blk_mem_gen_42_0
Compiling module xil_defaultlib.CADABD_blk_mem_gen_43_0
Compiling module xil_defaultlib.CADABD_blk_mem_gen_44_0
Compiling module xil_defaultlib.CADABD_blk_mem_gen_45_0
Compiling module xil_defaultlib.CADABD_blk_mem_gen_46_0
Compiling module xil_defaultlib.CADABD_blk_mem_gen_47_0
Compiling module xil_defaultlib.CADABD_blk_mem_gen_48_0
Compiling module xil_defaultlib.CADABD_blk_mem_gen_49_0
Compiling module xil_defaultlib.CADABD_blk_mem_gen_5_0
Compiling module xil_defaultlib.CADABD_blk_mem_gen_50_0
Compiling module xil_defaultlib.CADABD_blk_mem_gen_51_0
Compiling module xil_defaultlib.CADABD_blk_mem_gen_52_0
Compiling module xil_defaultlib.CADABD_blk_mem_gen_53_0
Compiling module xil_defaultlib.CADABD_blk_mem_gen_54_0
Compiling module xil_defaultlib.CADABD_blk_mem_gen_55_0
Compiling module xil_defaultlib.CADABD_blk_mem_gen_56_0
Compiling module xil_defaultlib.CADABD_blk_mem_gen_57_0
Compiling module xil_defaultlib.CADABD_blk_mem_gen_58_0
Compiling module xil_defaultlib.CADABD_blk_mem_gen_59_0
Compiling module xil_defaultlib.CADABD_blk_mem_gen_6_0
Compiling module xil_defaultlib.CADABD_blk_mem_gen_60_0
Compiling module xil_defaultlib.CADABD_blk_mem_gen_61_0
Compiling module xil_defaultlib.CADABD_blk_mem_gen_62_0
Compiling module xil_defaultlib.CADABD_blk_mem_gen_63_0
Compiling module xil_defaultlib.CADABD_blk_mem_gen_64_0
Compiling module xil_defaultlib.CADABD_blk_mem_gen_65_0
Compiling module xil_defaultlib.CADABD_blk_mem_gen_66_0
Compiling module xil_defaultlib.CADABD_blk_mem_gen_67_0
Compiling module xil_defaultlib.CADABD_blk_mem_gen_68_0
Compiling module xil_defaultlib.CADABD_blk_mem_gen_69_0
Compiling module xil_defaultlib.CADABD_blk_mem_gen_7_0
Compiling module xil_defaultlib.CADABD_blk_mem_gen_70_0
Compiling module xil_defaultlib.CADABD_blk_mem_gen_71_0
Compiling module xil_defaultlib.CADABD_blk_mem_gen_72_0
Compiling module xil_defaultlib.CADABD_blk_mem_gen_73_0
Compiling module xil_defaultlib.CADABD_blk_mem_gen_74_0
Compiling module xil_defaultlib.CADABD_blk_mem_gen_75_0
Compiling module xil_defaultlib.CADABD_blk_mem_gen_76_0
Compiling module xil_defaultlib.CADABD_blk_mem_gen_77_0
Compiling module xil_defaultlib.CADABD_blk_mem_gen_78_0
Compiling module xil_defaultlib.CADABD_blk_mem_gen_79_0
Compiling module xil_defaultlib.CADABD_blk_mem_gen_8_0
Compiling module xil_defaultlib.CADABD_blk_mem_gen_80_0
Compiling module xil_defaultlib.CADABD_blk_mem_gen_81_0
Compiling module xil_defaultlib.CADABD_blk_mem_gen_82_0
Compiling module xil_defaultlib.CADABD_blk_mem_gen_83_0
Compiling module xil_defaultlib.CADABD_blk_mem_gen_84_0
Compiling module xil_defaultlib.CADABD_blk_mem_gen_85_0
Compiling module xil_defaultlib.CADABD_blk_mem_gen_86_0
Compiling module xil_defaultlib.CADABD_blk_mem_gen_87_0
Compiling module xil_defaultlib.CADABD_blk_mem_gen_88_0
Compiling module xil_defaultlib.CADABD_blk_mem_gen_89_0
Compiling module xil_defaultlib.CADABD_blk_mem_gen_9_0
Compiling module xil_defaultlib.CADABD_blk_mem_gen_90_0
Compiling module xil_defaultlib.CADABD_blk_mem_gen_91_0
Compiling module xil_defaultlib.CADABD_blk_mem_gen_92_0
Compiling module xil_defaultlib.CADABD_blk_mem_gen_93_0
Compiling module xil_defaultlib.CADABD_blk_mem_gen_94_0
Compiling module xil_defaultlib.CADABD_blk_mem_gen_95_0
Compiling module xil_defaultlib.CADABD_blk_mem_gen_96_0
Compiling module xil_defaultlib.CADABD_blk_mem_gen_97_0
Compiling module xil_defaultlib.CADABD_blk_mem_gen_98_0
Compiling module xil_defaultlib.CADABD_blk_mem_gen_99_0
Compiling module xil_defaultlib.CADABD
Compiling module xil_defaultlib.CADABD_wrapper
Compiling module xil_defaultlib.CADA_Bd_TB
Compiling module xil_defaultlib.glbl
Built simulation snapshot CADA_Bd_TB_behav
